[2024-02-15 12:11:42,516][hannah.utils.utils][INFO] - Environment info:
[2024-02-15 12:11:42,516][hannah.utils.utils][INFO] -   Number of GPUs: 2
[2024-02-15 12:11:42,516][hannah.utils.utils][INFO] -   CUDA version: 12.1
[2024-02-15 12:11:42,516][hannah.utils.utils][INFO] -   CUDNN version: 8907
[2024-02-15 12:11:42,517][hannah.utils.utils][INFO] -   Kernel: 4.18.0-513.11.1.el8_9.x86_64
[2024-02-15 12:11:42,517][hannah.utils.utils][INFO] -   Python: 3.11.5 (main, Nov 15 2023, 03:52:27) [GCC 8.5.0 20210514 (Red Hat 8.5.0-20)]
[2024-02-15 12:11:42,517][hannah.utils.utils][INFO] -   PyTorch: 2.1.2+cu121
[2024-02-15 12:11:42,517][hannah.utils.utils][INFO] -   Pytorch Lightning: 2.1.3
[2024-02-15 12:11:42,517][hannah.utils.utils][INFO] -   Numpy: 1.23.5
[2024-02-15 12:11:42,517][hannah.utils.utils][INFO] -   Hannah version info:
[2024-02-15 12:11:42,517][hannah.utils.utils][INFO] -     Cannot find a Git repository.  You probably downloaded an archive
[2024-02-15 12:11:42,517][hannah.utils.utils][INFO] -   Command line: /local/gerum/.cache/pypoetry/virtualenvs/hannah-8Yp6PnCx-py3.11/bin/hannah-train +experiment=sweep_lr
[2024-02-15 12:11:42,517][hannah.utils.utils][INFO] -   
[2024-02-15 12:11:42,517][lightning.fabric.utilities.seed][INFO] - Seed set to 1234
[2024-02-15 12:11:42,518][root][INFO] - Configuration: 
[2024-02-15 12:11:42,521][root][INFO] - dataset:
  data_folder: ${hydra:runtime.cwd}/datasets/
  cls: hannah.datasets.vision.Cifar10Dataset
  dataset: cifar10
  val_percent: 0.1
features:
  _target_: torch.nn.Identity
model:
  _target_: hannah.models.kakao_resnet.resnet8
  name: kakao_resnet8
  width_multiplier: 1.0
  input_kernel: 3
  input_stride: 1
scheduler:
  _target_: torch.optim.lr_scheduler.OneCycleLR
  max_lr: 0.4
  pct_start: 0.3
  anneal_strategy: cos
  cycle_momentum: true
  base_momentum: 0.85
  max_momentum: 0.95
  div_factor: 25.0
  final_div_factor: 10000.0
  last_epoch: -1
optimizer:
  _target_: torch.optim.sgd.SGD
  lr: 0.3
  momentum: 0.9
  dampening: 0
  weight_decay: 0.0005
  nesterov: false
module:
  _target_: hannah.modules.vision.ImageClassifierModule
  num_workers: 0
  batch_size: 2048
  shuffle_all_dataloaders: false
trainer:
  _target_: pytorch_lightning.trainer.Trainer
  accelerator: auto
  devices: 1
  limit_train_batches: 1.0
  limit_val_batches: 1.0
  limit_test_batches: 1.0
  max_epochs: 50
  default_root_dir: .
  fast_dev_run: false
  overfit_batches: 0.0
  benchmark: false
  deterministic: warn
  gradient_clip_val: 0
  accumulate_grad_batches: 1
  plugins: null
  strategy: auto
  reload_dataloaders_every_n_epochs: 0
  precision: 16
  enable_model_summary: false
checkpoint:
  _target_: pytorch_lightning.callbacks.ModelCheckpoint
  dirpath: checkpoints
  save_top_k: 1
  verbose: true
  monitor: val_error
  mode: min
  save_last: true
augmentation:
  batch_augment:
    pipeline: null
    transforms:
      RandomHorizontalFlip:
        p: 0.5
      RandomAffine:
        degrees:
        - -15
        - 15
        translate:
        - 0.1
        - 0.1
        scale:
        - 0.9
        - 1.1
        shear:
        - -5
        - 5
        p: 0.5
      RandomCrop:
        size:
        - 32
        - 32
        padding: 4
      RandomErasing:
        p: 0.5
experiment_id: sweep_lr
output_dir: trained_models
auto_lr: false
resume: false
fx_mac_summary: false
skip_test: false
skip_val: false
seed:
- 1234
validate_output: false
monitor:
  metric: val_accuracy
  direction: maximize

[2024-02-15 12:11:42,521][root][INFO] - Current working directory /local/gerum/hannah/experiments/cifar10/trained_models/sweep_lr/kakao_resnet8/lr=0.4
[2024-02-15 12:11:42,526][root][ERROR] - Exception Message: Error locating target 'hannah.modules.vision.ImageClassifierModule', set env var HYDRA_FULL_ERROR=1 to see chained exception.
full_key: module
Traceback (most recent call last):
  File "/local/gerum/.cache/pypoetry/virtualenvs/hannah-8Yp6PnCx-py3.11/lib/python3.11/site-packages/hydra/_internal/utils.py", line 644, in _locate
    obj = getattr(obj, part)
          ^^^^^^^^^^^^^^^^^^
AttributeError: module 'hannah.modules' has no attribute 'vision'

During handling of the above exception, another exception occurred:

Traceback (most recent call last):
  File "/local/gerum/.cache/pypoetry/virtualenvs/hannah-8Yp6PnCx-py3.11/lib/python3.11/site-packages/hydra/_internal/utils.py", line 650, in _locate
    obj = import_module(mod)
          ^^^^^^^^^^^^^^^^^^
  File "/usr/lib64/python3.11/importlib/__init__.py", line 126, in import_module
    return _bootstrap._gcd_import(name[level:], package, level)
           ^^^^^^^^^^^^^^^^^^^^^^^^^^^^^^^^^^^^^^^^^^^^^^^^^^^^
  File "<frozen importlib._bootstrap>", line 1204, in _gcd_import
  File "<frozen importlib._bootstrap>", line 1176, in _find_and_load
  File "<frozen importlib._bootstrap>", line 1147, in _find_and_load_unlocked
  File "<frozen importlib._bootstrap>", line 690, in _load_unlocked
  File "<frozen importlib._bootstrap_external>", line 940, in exec_module
  File "<frozen importlib._bootstrap>", line 241, in _call_with_frames_removed
  File "/local/gerum/hannah/hannah/modules/vision/__init__.py", line 19, in <module>
    from .anomaly_detection import AnomalyDetectionModule
  File "/local/gerum/hannah/hannah/modules/vision/anomaly_detection.py", line 34, in <module>
    from .base import VisionBaseModule
  File "/local/gerum/hannah/hannah/modules/vision/base.py", line 24, in <module>
    import kornia
ModuleNotFoundError: No module named 'kornia'

The above exception was the direct cause of the following exception:

Traceback (most recent call last):
  File "/local/gerum/.cache/pypoetry/virtualenvs/hannah-8Yp6PnCx-py3.11/lib/python3.11/site-packages/hydra/_internal/instantiate/_instantiate2.py", line 134, in _resolve_target
    target = _locate(target)
             ^^^^^^^^^^^^^^^
  File "/local/gerum/.cache/pypoetry/virtualenvs/hannah-8Yp6PnCx-py3.11/lib/python3.11/site-packages/hydra/_internal/utils.py", line 653, in _locate
    raise ImportError(
ImportError: Error loading 'hannah.modules.vision.ImageClassifierModule':
ModuleNotFoundError("No module named 'kornia'")
Are you sure that 'vision' is importable from module 'hannah.modules'?

The above exception was the direct cause of the following exception:

Traceback (most recent call last):
  File "/local/gerum/hannah/hannah/tools/train.py", line 44, in main
    return train(config)
           ^^^^^^^^^^^^^
  File "/local/gerum/hannah/hannah/train.py", line 93, in train
    lit_module = instantiate(
                 ^^^^^^^^^^^^
  File "/local/gerum/.cache/pypoetry/virtualenvs/hannah-8Yp6PnCx-py3.11/lib/python3.11/site-packages/hydra/_internal/instantiate/_instantiate2.py", line 226, in instantiate
    return instantiate_node(
           ^^^^^^^^^^^^^^^^^
  File "/local/gerum/.cache/pypoetry/virtualenvs/hannah-8Yp6PnCx-py3.11/lib/python3.11/site-packages/hydra/_internal/instantiate/_instantiate2.py", line 333, in instantiate_node
    _target_ = _resolve_target(node.get(_Keys.TARGET), full_key)
               ^^^^^^^^^^^^^^^^^^^^^^^^^^^^^^^^^^^^^^^^^^^^^^^^^
  File "/local/gerum/.cache/pypoetry/virtualenvs/hannah-8Yp6PnCx-py3.11/lib/python3.11/site-packages/hydra/_internal/instantiate/_instantiate2.py", line 139, in _resolve_target
    raise InstantiationException(msg) from e
hydra.errors.InstantiationException: Error locating target 'hannah.modules.vision.ImageClassifierModule', set env var HYDRA_FULL_ERROR=1 to see chained exception.
full_key: module
[2024-02-15 17:45:57,988][hannah.utils.utils][INFO] - Environment info:
[2024-02-15 17:45:57,988][hannah.utils.utils][INFO] -   Number of GPUs: 2
[2024-02-15 17:45:57,988][hannah.utils.utils][INFO] -   CUDA version: 12.1
[2024-02-15 17:45:57,988][hannah.utils.utils][INFO] -   CUDNN version: 8907
[2024-02-15 17:45:57,988][hannah.utils.utils][INFO] -   Kernel: 4.18.0-513.11.1.el8_9.x86_64
[2024-02-15 17:45:57,988][hannah.utils.utils][INFO] -   Python: 3.11.5 (main, Nov 15 2023, 03:52:27) [GCC 8.5.0 20210514 (Red Hat 8.5.0-20)]
[2024-02-15 17:45:57,988][hannah.utils.utils][INFO] -   PyTorch: 2.1.2+cu121
[2024-02-15 17:45:57,988][hannah.utils.utils][INFO] -   Pytorch Lightning: 2.1.3
[2024-02-15 17:45:57,988][hannah.utils.utils][INFO] -   Numpy: 1.23.5
[2024-02-15 17:45:57,988][hannah.utils.utils][INFO] -   Hannah version info:
[2024-02-15 17:45:57,988][hannah.utils.utils][INFO] -     Cannot find a Git repository.  You probably downloaded an archive
[2024-02-15 17:45:57,988][hannah.utils.utils][INFO] -   Command line: /local/gerum/.cache/pypoetry/virtualenvs/hannah-8Yp6PnCx-py3.11/bin/hannah-train +experiment=sweep_lr
[2024-02-15 17:45:57,988][hannah.utils.utils][INFO] -   
[2024-02-15 17:45:57,989][lightning.fabric.utilities.seed][INFO] - Seed set to 1234
[2024-02-15 17:45:57,989][root][INFO] - Configuration: 
[2024-02-15 17:45:57,991][root][INFO] - dataset:
  data_folder: ${hydra:runtime.cwd}/datasets/
  cls: hannah.datasets.vision.Cifar10Dataset
  dataset: cifar10
  val_percent: 0.1
features:
  _target_: torch.nn.Identity
model:
  _target_: hannah.models.kakao_resnet.resnet8
  name: kakao_resnet8
  width_multiplier: 1.0
  input_kernel: 3
  input_stride: 1
scheduler:
  _target_: torch.optim.lr_scheduler.OneCycleLR
  max_lr: 0.4
  pct_start: 0.3
  anneal_strategy: cos
  cycle_momentum: true
  base_momentum: 0.85
  max_momentum: 0.95
  div_factor: 25.0
  final_div_factor: 10000.0
  last_epoch: -1
optimizer:
  _target_: torch.optim.sgd.SGD
  lr: 0.3
  momentum: 0.9
  dampening: 0
  weight_decay: 0.0005
  nesterov: false
module:
  _target_: hannah.modules.vision.ImageClassifierModule
  num_workers: 0
  batch_size: 2048
  shuffle_all_dataloaders: false
trainer:
  _target_: pytorch_lightning.trainer.Trainer
  accelerator: auto
  devices: 1
  limit_train_batches: 1.0
  limit_val_batches: 1.0
  limit_test_batches: 1.0
  max_epochs: 50
  default_root_dir: .
  fast_dev_run: false
  overfit_batches: 0.0
  benchmark: false
  deterministic: warn
  gradient_clip_val: 0
  accumulate_grad_batches: 1
  plugins: null
  strategy: auto
  reload_dataloaders_every_n_epochs: 0
  precision: 16
  enable_model_summary: false
checkpoint:
  _target_: pytorch_lightning.callbacks.ModelCheckpoint
  dirpath: checkpoints
  save_top_k: 1
  verbose: true
  monitor: val_error
  mode: min
  save_last: true
augmentation:
  batch_augment:
    pipeline: null
    transforms:
      RandomHorizontalFlip:
        p: 0.5
      RandomAffine:
        degrees:
        - -15
        - 15
        translate:
        - 0.1
        - 0.1
        scale:
        - 0.9
        - 1.1
        shear:
        - -5
        - 5
        p: 0.5
      RandomCrop:
        size:
        - 32
        - 32
        padding: 4
      RandomErasing:
        p: 0.5
experiment_id: sweep_lr
output_dir: trained_models
auto_lr: false
resume: false
fx_mac_summary: false
skip_test: false
skip_val: false
seed:
- 1234
validate_output: false
monitor:
  metric: val_accuracy
  direction: maximize

[2024-02-15 17:45:57,992][root][INFO] - Current working directory /local/gerum/hannah/experiments/cifar10/trained_models/sweep_lr/kakao_resnet8/lr=0.4
[2024-02-15 17:45:57,997][hannah.callbacks.optimization][INFO] - Monitoring the following values for optimization
[2024-02-15 17:45:57,997][hannah.callbacks.optimization][INFO] -   - val_accuracy direction: maximize(-1)
[2024-02-15 17:45:58,000][py.warnings][WARNING] - /local/gerum/.cache/pypoetry/virtualenvs/hannah-8Yp6PnCx-py3.11/lib/python3.11/site-packages/lightning_fabric/connector.py:558: `precision=16` is supported for historical reasons but its usage is discouraged. Please set your precision to 16-mixed instead!

[2024-02-15 17:45:58,001][pytorch_lightning.utilities.rank_zero][INFO] - Using 16bit Automatic Mixed Precision (AMP)
[2024-02-15 17:45:58,006][pytorch_lightning.utilities.rank_zero][INFO] - GPU available: True (cuda), used: True
[2024-02-15 17:45:58,006][pytorch_lightning.utilities.rank_zero][INFO] - TPU available: False, using: 0 TPU cores
[2024-02-15 17:45:58,006][pytorch_lightning.utilities.rank_zero][INFO] - IPU available: False, using: 0 IPUs
[2024-02-15 17:45:58,006][pytorch_lightning.utilities.rank_zero][INFO] - HPU available: False, using: 0 HPUs
[2024-02-15 17:45:58,006][pytorch_lightning.utilities.rank_zero][INFO] - `Trainer(limit_train_batches=1.0)` was configured so 100% of the batches per epoch will be used..
[2024-02-15 17:45:58,006][pytorch_lightning.utilities.rank_zero][INFO] - `Trainer(limit_val_batches=1.0)` was configured so 100% of the batches will be used..
[2024-02-15 17:45:58,006][pytorch_lightning.utilities.rank_zero][INFO] - `Trainer(limit_test_batches=1.0)` was configured so 100% of the batches will be used..
[2024-02-15 17:45:58,006][root][INFO] - Starting training
[2024-02-15 17:45:59,205][py.warnings][WARNING] - /local/gerum/hannah/hannah/modules/vision/base.py:66: UserWarning: Vision datasets should return a length 4 tuple, will assume unlabeled data is None
  warnings.warn(

[2024-02-15 17:45:59,205][hannah.modules.vision.base][INFO] - Dataset lengths:
[2024-02-15 17:45:59,205][hannah.modules.vision.base][INFO] -   Train Set (Labeled): 45000
[2024-02-15 17:45:59,205][hannah.modules.vision.base][INFO] -   Train Set (Unlabled): 0
[2024-02-15 17:45:59,205][hannah.modules.vision.base][INFO] -   Dev Set: 5000
[2024-02-15 17:45:59,205][hannah.modules.vision.base][INFO] -   Test Set: 10000
[2024-02-15 17:45:59,206][hannah.modules.vision.base][INFO] - Setting up model kakao_resnet8
[2024-02-15 17:45:59,226][hannah.modules.vision.base][INFO] - Instantiating input Normalizer with mean: (0.491, 0.482, 0.446), std: (0.247, 0.243, 0.261)
[2024-02-15 17:45:59,231][hannah.modules.vision.base][INFO] - Running dummy forward to initialize lazy modules
[2024-02-15 17:45:59,240][pytorch_lightning.accelerators.cuda][INFO] - LOCAL_RANK: 0 - CUDA_VISIBLE_DEVICES: [0,1]
[2024-02-15 17:45:59,242][pytorch_lightning.utilities.rank_zero][INFO] - Loading `train_dataloader` to estimate number of stepping batches.
[2024-02-15 17:45:59,242][py.warnings][WARNING] - /local/gerum/.cache/pypoetry/virtualenvs/hannah-8Yp6PnCx-py3.11/lib/python3.11/site-packages/pytorch_lightning/trainer/connectors/data_connector.py:441: The 'train_dataloader' does not have many workers which may be a bottleneck. Consider increasing the value of the `num_workers` argument` to `num_workers=191` in the `DataLoader` to improve performance.

[2024-02-15 17:45:59,242][py.warnings][WARNING] - /local/gerum/.cache/pypoetry/virtualenvs/hannah-8Yp6PnCx-py3.11/lib/python3.11/site-packages/pytorch_lightning/loops/fit_loop.py:293: The number of training batches (21) is smaller than the logging interval Trainer(log_every_n_steps=50). Set a lower value for log_every_n_steps if you want to see logs for the training epoch.

[2024-02-15 17:45:59,423][py.warnings][WARNING] - /local/gerum/.cache/pypoetry/virtualenvs/hannah-8Yp6PnCx-py3.11/lib/python3.11/site-packages/pytorch_lightning/trainer/connectors/data_connector.py:441: The 'val_dataloader' does not have many workers which may be a bottleneck. Consider increasing the value of the `num_workers` argument` to `num_workers=191` in the `DataLoader` to improve performance.

[2024-02-15 17:45:59,620][hannah.callbacks.summaries][INFO] - 
+----+--------------+-------------------+--------------------------------------------------+------------------+--------------+------------------+--------------+------------------+----------+
|    | Name         | Type              | Attrs                                            | IFM              |   IFM volume | OFM              |   OFM volume |   Weights volume |     MACs |
|----+--------------+-------------------+--------------------------------------------------+------------------+--------------+------------------+--------------+------------------+----------|
|  0 | 0.0          | Conv2d            | k=(3, 3), s=(1, 1), g=(1), dsc=(False), d=(1, 1) | (1, 3, 32, 32)   |         3072 | (1, 64, 32, 32)  |        65536 |             1728 |  1769472 |
|  1 | 0.1          | BatchNorm2d       |                                                  | (1, 64, 32, 32)  |        65536 | (1, 64, 32, 32)  |        65536 |                0 |        0 |
|  2 | 0.2          | ReLU              |                                                  | (1, 64, 32, 32)  |        65536 | (1, 64, 32, 32)  |        65536 |                0 |        0 |
|  3 | 0            | Sequential        |                                                  | (1, 3, 32, 32)   |         3072 | (1, 64, 32, 32)  |        65536 |                0 |        0 |
|  4 | 1.0          | Conv2d            | k=(5, 5), s=(2, 2), g=(1), dsc=(False), d=(1, 1) | (1, 64, 32, 32)  |        65536 | (1, 128, 16, 16) |        32768 |           204800 | 52428800 |
|  5 | 1.1          | BatchNorm2d       |                                                  | (1, 128, 16, 16) |        32768 | (1, 128, 16, 16) |        32768 |                0 |        0 |
|  6 | 1.2          | ReLU              |                                                  | (1, 128, 16, 16) |        32768 | (1, 128, 16, 16) |        32768 |                0 |        0 |
|  7 | 1            | Sequential        |                                                  | (1, 64, 32, 32)  |        65536 | (1, 128, 16, 16) |        32768 |                0 |        0 |
|  8 | 2.module.0.0 | Conv2d            | k=(3, 3), s=(1, 1), g=(1), dsc=(False), d=(1, 1) | (1, 128, 16, 16) |        32768 | (1, 128, 16, 16) |        32768 |           147456 | 37748736 |
|  9 | 2.module.0.1 | BatchNorm2d       |                                                  | (1, 128, 16, 16) |        32768 | (1, 128, 16, 16) |        32768 |                0 |        0 |
| 10 | 2.module.0.2 | ReLU              |                                                  | (1, 128, 16, 16) |        32768 | (1, 128, 16, 16) |        32768 |                0 |        0 |
| 11 | 2.module.0   | Sequential        |                                                  | (1, 128, 16, 16) |        32768 | (1, 128, 16, 16) |        32768 |                0 |        0 |
| 12 | 2.module.1.0 | Conv2d            | k=(3, 3), s=(1, 1), g=(1), dsc=(False), d=(1, 1) | (1, 128, 16, 16) |        32768 | (1, 128, 16, 16) |        32768 |           147456 | 37748736 |
| 13 | 2.module.1.1 | BatchNorm2d       |                                                  | (1, 128, 16, 16) |        32768 | (1, 128, 16, 16) |        32768 |                0 |        0 |
| 14 | 2.module.1.2 | ReLU              |                                                  | (1, 128, 16, 16) |        32768 | (1, 128, 16, 16) |        32768 |                0 |        0 |
| 15 | 2.module.1   | Sequential        |                                                  | (1, 128, 16, 16) |        32768 | (1, 128, 16, 16) |        32768 |                0 |        0 |
| 16 | 2.module     | Sequential        |                                                  | (1, 128, 16, 16) |        32768 | (1, 128, 16, 16) |        32768 |                0 |        0 |
| 17 | 2            | Residual          |                                                  | (1, 128, 16, 16) |        32768 | (1, 128, 16, 16) |        32768 |                0 |        0 |
| 18 | 3.0          | Conv2d            | k=(3, 3), s=(1, 1), g=(1), dsc=(False), d=(1, 1) | (1, 128, 16, 16) |        32768 | (1, 256, 16, 16) |        65536 |           294912 | 75497472 |
| 19 | 3.1          | BatchNorm2d       |                                                  | (1, 256, 16, 16) |        65536 | (1, 256, 16, 16) |        65536 |                0 |        0 |
| 20 | 3.2          | ReLU              |                                                  | (1, 256, 16, 16) |        65536 | (1, 256, 16, 16) |        65536 |                0 |        0 |
| 21 | 3            | Sequential        |                                                  | (1, 128, 16, 16) |        32768 | (1, 256, 16, 16) |        65536 |                0 |        0 |
| 22 | 4            | MaxPool2d         |                                                  | (1, 256, 16, 16) |        65536 | (1, 256, 8, 8)   |        16384 |                0 |        0 |
| 23 | 5.module.0.0 | Conv2d            | k=(3, 3), s=(1, 1), g=(1), dsc=(False), d=(1, 1) | (1, 256, 8, 8)   |        16384 | (1, 256, 8, 8)   |        16384 |           589824 | 37748736 |
| 24 | 5.module.0.1 | BatchNorm2d       |                                                  | (1, 256, 8, 8)   |        16384 | (1, 256, 8, 8)   |        16384 |                0 |        0 |
| 25 | 5.module.0.2 | ReLU              |                                                  | (1, 256, 8, 8)   |        16384 | (1, 256, 8, 8)   |        16384 |                0 |        0 |
| 26 | 5.module.0   | Sequential        |                                                  | (1, 256, 8, 8)   |        16384 | (1, 256, 8, 8)   |        16384 |                0 |        0 |
| 27 | 5.module.1.0 | Conv2d            | k=(3, 3), s=(1, 1), g=(1), dsc=(False), d=(1, 1) | (1, 256, 8, 8)   |        16384 | (1, 256, 8, 8)   |        16384 |           589824 | 37748736 |
| 28 | 5.module.1.1 | BatchNorm2d       |                                                  | (1, 256, 8, 8)   |        16384 | (1, 256, 8, 8)   |        16384 |                0 |        0 |
| 29 | 5.module.1.2 | ReLU              |                                                  | (1, 256, 8, 8)   |        16384 | (1, 256, 8, 8)   |        16384 |                0 |        0 |
| 30 | 5.module.1   | Sequential        |                                                  | (1, 256, 8, 8)   |        16384 | (1, 256, 8, 8)   |        16384 |                0 |        0 |
| 31 | 5.module     | Sequential        |                                                  | (1, 256, 8, 8)   |        16384 | (1, 256, 8, 8)   |        16384 |                0 |        0 |
| 32 | 5            | Residual          |                                                  | (1, 256, 8, 8)   |        16384 | (1, 256, 8, 8)   |        16384 |                0 |        0 |
| 33 | 6.0          | Conv2d            | k=(3, 3), s=(1, 1), g=(1), dsc=(False), d=(1, 1) | (1, 256, 8, 8)   |        16384 | (1, 128, 6, 6)   |         4608 |           294912 | 10616832 |
| 34 | 6.1          | BatchNorm2d       |                                                  | (1, 128, 6, 6)   |         4608 | (1, 128, 6, 6)   |         4608 |                0 |        0 |
| 35 | 6.2          | ReLU              |                                                  | (1, 128, 6, 6)   |         4608 | (1, 128, 6, 6)   |         4608 |                0 |        0 |
| 36 | 6            | Sequential        |                                                  | (1, 256, 8, 8)   |        16384 | (1, 128, 6, 6)   |         4608 |                0 |        0 |
| 37 | 7            | AdaptiveMaxPool2d |                                                  | (1, 128, 6, 6)   |         4608 | (1, 128, 1, 1)   |          128 |                0 |        0 |
| 38 | 8            | Flatten           |                                                  | (1, 128, 1, 1)   |          128 | (1, 128)         |          128 |                0 |        0 |
| 39 | 9            | Linear            |                                                  | (1, 128)         |          128 | (1, 10)          |           10 |             1280 |     1280 |
| 40 | 10           | Mul               |                                                  | (1, 10)          |           10 | (1, 10)          |           10 |                0 |        0 |
+----+--------------+-------------------+--------------------------------------------------+------------------+--------------+------------------+--------------+------------------+----------+
[2024-02-15 17:45:59,620][hannah.callbacks.summaries][INFO] - Total MACs: 291,308,800
[2024-02-15 17:45:59,621][hannah.callbacks.summaries][INFO] - Total Weights: 2,272,192
[2024-02-15 17:45:59,621][hannah.callbacks.summaries][INFO] - Total Activations: 1,185,044
[2024-02-15 17:45:59,621][hannah.callbacks.summaries][INFO] - Estimated Activations: 131,072
[2024-02-15 17:46:00,090][py.warnings][WARNING] - /local/gerum/.cache/pypoetry/virtualenvs/hannah-8Yp6PnCx-py3.11/lib64/python3.11/site-packages/torch/autograd/__init__.py:251: UserWarning: adaptive_max_pool2d_backward_cuda does not have a deterministic implementation, but you set 'torch.use_deterministic_algorithms(True, warn_only=True)'. You can file an issue at https://github.com/pytorch/pytorch/issues to help us prioritize adding deterministic support for this operation. (Triggered internally at ../aten/src/ATen/Context.cpp:71.)
  Variable._execution_engine.run_backward(  # Calls into the C++ engine to run the backward pass

[2024-02-15 17:46:10,228][pytorch_lightning.utilities.rank_zero][INFO] - Epoch 0, global step 21: 'val_error' reached 0.80396 (best 0.80396), saving model to '/local/gerum/hannah/experiments/cifar10/trained_models/sweep_lr/kakao_resnet8/lr=0.4/checkpoints/epoch=0-step=21.ckpt' as top 1
[2024-02-15 17:46:21,325][pytorch_lightning.utilities.rank_zero][INFO] - Epoch 1, global step 42: 'val_error' reached 0.69116 (best 0.69116), saving model to '/local/gerum/hannah/experiments/cifar10/trained_models/sweep_lr/kakao_resnet8/lr=0.4/checkpoints/epoch=1-step=42.ckpt' as top 1
[2024-02-15 17:46:32,109][pytorch_lightning.utilities.rank_zero][INFO] - Epoch 2, global step 63: 'val_error' reached 0.57104 (best 0.57104), saving model to '/local/gerum/hannah/experiments/cifar10/trained_models/sweep_lr/kakao_resnet8/lr=0.4/checkpoints/epoch=2-step=63.ckpt' as top 1
[2024-02-15 17:46:43,265][pytorch_lightning.utilities.rank_zero][INFO] - Epoch 3, global step 84: 'val_error' was not in top 1
[2024-02-15 17:46:54,056][pytorch_lightning.utilities.rank_zero][INFO] - Epoch 4, global step 105: 'val_error' reached 0.49048 (best 0.49048), saving model to '/local/gerum/hannah/experiments/cifar10/trained_models/sweep_lr/kakao_resnet8/lr=0.4/checkpoints/epoch=4-step=105.ckpt' as top 1
[2024-02-15 17:47:04,873][pytorch_lightning.utilities.rank_zero][INFO] - Epoch 5, global step 126: 'val_error' was not in top 1
[2024-02-15 17:47:15,989][pytorch_lightning.utilities.rank_zero][INFO] - Epoch 6, global step 147: 'val_error' reached 0.46143 (best 0.46143), saving model to '/local/gerum/hannah/experiments/cifar10/trained_models/sweep_lr/kakao_resnet8/lr=0.4/checkpoints/epoch=6-step=147.ckpt' as top 1
[2024-02-15 17:47:26,820][pytorch_lightning.utilities.rank_zero][INFO] - Epoch 7, global step 168: 'val_error' reached 0.40283 (best 0.40283), saving model to '/local/gerum/hannah/experiments/cifar10/trained_models/sweep_lr/kakao_resnet8/lr=0.4/checkpoints/epoch=7-step=168.ckpt' as top 1
[2024-02-15 17:47:38,013][pytorch_lightning.utilities.rank_zero][INFO] - Epoch 8, global step 189: 'val_error' reached 0.39917 (best 0.39917), saving model to '/local/gerum/hannah/experiments/cifar10/trained_models/sweep_lr/kakao_resnet8/lr=0.4/checkpoints/epoch=8-step=189.ckpt' as top 1
[2024-02-15 17:47:49,052][pytorch_lightning.utilities.rank_zero][INFO] - Epoch 9, global step 210: 'val_error' reached 0.31641 (best 0.31641), saving model to '/local/gerum/hannah/experiments/cifar10/trained_models/sweep_lr/kakao_resnet8/lr=0.4/checkpoints/epoch=9-step=210.ckpt' as top 1
[2024-02-15 17:47:59,989][pytorch_lightning.utilities.rank_zero][INFO] - Epoch 10, global step 231: 'val_error' reached 0.30420 (best 0.30420), saving model to '/local/gerum/hannah/experiments/cifar10/trained_models/sweep_lr/kakao_resnet8/lr=0.4/checkpoints/epoch=10-step=231.ckpt' as top 1
[2024-02-15 17:48:11,253][pytorch_lightning.utilities.rank_zero][INFO] - Epoch 11, global step 252: 'val_error' reached 0.24146 (best 0.24146), saving model to '/local/gerum/hannah/experiments/cifar10/trained_models/sweep_lr/kakao_resnet8/lr=0.4/checkpoints/epoch=11-step=252.ckpt' as top 1
[2024-02-15 17:48:22,141][pytorch_lightning.utilities.rank_zero][INFO] - Epoch 12, global step 273: 'val_error' was not in top 1
[2024-02-15 17:48:33,331][pytorch_lightning.utilities.rank_zero][INFO] - Epoch 13, global step 294: 'val_error' reached 0.22241 (best 0.22241), saving model to '/local/gerum/hannah/experiments/cifar10/trained_models/sweep_lr/kakao_resnet8/lr=0.4/checkpoints/epoch=13-step=294.ckpt' as top 1
[2024-02-15 17:48:44,226][pytorch_lightning.utilities.rank_zero][INFO] - Epoch 14, global step 315: 'val_error' was not in top 1
[2024-02-15 17:48:55,069][pytorch_lightning.utilities.rank_zero][INFO] - Epoch 15, global step 336: 'val_error' reached 0.19434 (best 0.19434), saving model to '/local/gerum/hannah/experiments/cifar10/trained_models/sweep_lr/kakao_resnet8/lr=0.4/checkpoints/epoch=15-step=336.ckpt' as top 1
[2024-02-15 17:49:06,263][pytorch_lightning.utilities.rank_zero][INFO] - Epoch 16, global step 357: 'val_error' was not in top 1
[2024-02-15 17:49:17,174][pytorch_lightning.utilities.rank_zero][INFO] - Epoch 17, global step 378: 'val_error' was not in top 1
[2024-02-15 17:49:28,323][pytorch_lightning.utilities.rank_zero][INFO] - Epoch 18, global step 399: 'val_error' was not in top 1
[2024-02-15 17:49:39,187][pytorch_lightning.utilities.rank_zero][INFO] - Epoch 19, global step 420: 'val_error' reached 0.17578 (best 0.17578), saving model to '/local/gerum/hannah/experiments/cifar10/trained_models/sweep_lr/kakao_resnet8/lr=0.4/checkpoints/epoch=19-step=420.ckpt' as top 1
[2024-02-15 17:49:50,401][pytorch_lightning.utilities.rank_zero][INFO] - Epoch 20, global step 441: 'val_error' reached 0.17529 (best 0.17529), saving model to '/local/gerum/hannah/experiments/cifar10/trained_models/sweep_lr/kakao_resnet8/lr=0.4/checkpoints/epoch=20-step=441.ckpt' as top 1
[2024-02-15 17:50:01,409][pytorch_lightning.utilities.rank_zero][INFO] - Epoch 21, global step 462: 'val_error' reached 0.15234 (best 0.15234), saving model to '/local/gerum/hannah/experiments/cifar10/trained_models/sweep_lr/kakao_resnet8/lr=0.4/checkpoints/epoch=21-step=462.ckpt' as top 1
[2024-02-15 17:50:12,300][pytorch_lightning.utilities.rank_zero][INFO] - Epoch 22, global step 483: 'val_error' reached 0.15112 (best 0.15112), saving model to '/local/gerum/hannah/experiments/cifar10/trained_models/sweep_lr/kakao_resnet8/lr=0.4/checkpoints/epoch=22-step=483.ckpt' as top 1
[2024-02-15 17:50:23,539][pytorch_lightning.utilities.rank_zero][INFO] - Epoch 23, global step 504: 'val_error' reached 0.14673 (best 0.14673), saving model to '/local/gerum/hannah/experiments/cifar10/trained_models/sweep_lr/kakao_resnet8/lr=0.4/checkpoints/epoch=23-step=504.ckpt' as top 1
[2024-02-15 17:50:34,441][pytorch_lightning.utilities.rank_zero][INFO] - Epoch 24, global step 525: 'val_error' was not in top 1
[2024-02-15 17:50:45,656][pytorch_lightning.utilities.rank_zero][INFO] - Epoch 25, global step 546: 'val_error' was not in top 1
[2024-02-15 17:50:56,572][pytorch_lightning.utilities.rank_zero][INFO] - Epoch 26, global step 567: 'val_error' reached 0.13501 (best 0.13501), saving model to '/local/gerum/hannah/experiments/cifar10/trained_models/sweep_lr/kakao_resnet8/lr=0.4/checkpoints/epoch=26-step=567.ckpt' as top 1
[2024-02-15 17:51:07,495][pytorch_lightning.utilities.rank_zero][INFO] - Epoch 27, global step 588: 'val_error' was not in top 1
[2024-02-15 17:51:18,682][pytorch_lightning.utilities.rank_zero][INFO] - Epoch 28, global step 609: 'val_error' reached 0.13379 (best 0.13379), saving model to '/local/gerum/hannah/experiments/cifar10/trained_models/sweep_lr/kakao_resnet8/lr=0.4/checkpoints/epoch=28-step=609.ckpt' as top 1
[2024-02-15 17:51:29,494][pytorch_lightning.utilities.rank_zero][INFO] - Epoch 29, global step 630: 'val_error' was not in top 1
[2024-02-15 17:51:40,706][pytorch_lightning.utilities.rank_zero][INFO] - Epoch 30, global step 651: 'val_error' reached 0.12720 (best 0.12720), saving model to '/local/gerum/hannah/experiments/cifar10/trained_models/sweep_lr/kakao_resnet8/lr=0.4/checkpoints/epoch=30-step=651.ckpt' as top 1
[2024-02-15 17:51:51,559][pytorch_lightning.utilities.rank_zero][INFO] - Epoch 31, global step 672: 'val_error' was not in top 1
[2024-02-15 17:52:02,532][pytorch_lightning.utilities.rank_zero][INFO] - Epoch 32, global step 693: 'val_error' was not in top 1
[2024-02-15 17:52:13,755][pytorch_lightning.utilities.rank_zero][INFO] - Epoch 33, global step 714: 'val_error' reached 0.12402 (best 0.12402), saving model to '/local/gerum/hannah/experiments/cifar10/trained_models/sweep_lr/kakao_resnet8/lr=0.4/checkpoints/epoch=33-step=714.ckpt' as top 1
[2024-02-15 17:52:24,650][pytorch_lightning.utilities.rank_zero][INFO] - Epoch 34, global step 735: 'val_error' was not in top 1
[2024-02-15 17:52:35,869][pytorch_lightning.utilities.rank_zero][INFO] - Epoch 35, global step 756: 'val_error' reached 0.11719 (best 0.11719), saving model to '/local/gerum/hannah/experiments/cifar10/trained_models/sweep_lr/kakao_resnet8/lr=0.4/checkpoints/epoch=35-step=756.ckpt' as top 1
[2024-02-15 17:52:46,732][pytorch_lightning.utilities.rank_zero][INFO] - Epoch 36, global step 777: 'val_error' reached 0.11108 (best 0.11108), saving model to '/local/gerum/hannah/experiments/cifar10/trained_models/sweep_lr/kakao_resnet8/lr=0.4/checkpoints/epoch=36-step=777.ckpt' as top 1
[2024-02-15 17:52:57,618][pytorch_lightning.utilities.rank_zero][INFO] - Epoch 37, global step 798: 'val_error' was not in top 1
[2024-02-15 17:53:08,922][pytorch_lightning.utilities.rank_zero][INFO] - Epoch 38, global step 819: 'val_error' reached 0.09790 (best 0.09790), saving model to '/local/gerum/hannah/experiments/cifar10/trained_models/sweep_lr/kakao_resnet8/lr=0.4/checkpoints/epoch=38-step=819.ckpt' as top 1
[2024-02-15 17:53:19,807][pytorch_lightning.utilities.rank_zero][INFO] - Epoch 39, global step 840: 'val_error' was not in top 1
[2024-02-15 17:53:30,952][pytorch_lightning.utilities.rank_zero][INFO] - Epoch 40, global step 861: 'val_error' reached 0.09375 (best 0.09375), saving model to '/local/gerum/hannah/experiments/cifar10/trained_models/sweep_lr/kakao_resnet8/lr=0.4/checkpoints/epoch=40-step=861.ckpt' as top 1
[2024-02-15 17:53:41,649][pytorch_lightning.utilities.rank_zero][INFO] - Epoch 41, global step 882: 'val_error' was not in top 1
[2024-02-15 17:53:52,487][pytorch_lightning.utilities.rank_zero][INFO] - Epoch 42, global step 903: 'val_error' reached 0.09033 (best 0.09033), saving model to '/local/gerum/hannah/experiments/cifar10/trained_models/sweep_lr/kakao_resnet8/lr=0.4/checkpoints/epoch=42-step=903.ckpt' as top 1
[2024-02-15 17:54:03,653][pytorch_lightning.utilities.rank_zero][INFO] - Epoch 43, global step 924: 'val_error' reached 0.08374 (best 0.08374), saving model to '/local/gerum/hannah/experiments/cifar10/trained_models/sweep_lr/kakao_resnet8/lr=0.4/checkpoints/epoch=43-step=924.ckpt' as top 1
[2024-02-15 17:54:14,505][pytorch_lightning.utilities.rank_zero][INFO] - Epoch 44, global step 945: 'val_error' was not in top 1
[2024-02-15 17:54:25,619][pytorch_lightning.utilities.rank_zero][INFO] - Epoch 45, global step 966: 'val_error' reached 0.08057 (best 0.08057), saving model to '/local/gerum/hannah/experiments/cifar10/trained_models/sweep_lr/kakao_resnet8/lr=0.4/checkpoints/epoch=45-step=966.ckpt' as top 1
[2024-02-15 17:54:36,443][pytorch_lightning.utilities.rank_zero][INFO] - Epoch 46, global step 987: 'val_error' reached 0.07837 (best 0.07837), saving model to '/local/gerum/hannah/experiments/cifar10/trained_models/sweep_lr/kakao_resnet8/lr=0.4/checkpoints/epoch=46-step=987.ckpt' as top 1
[2024-02-15 17:54:47,370][pytorch_lightning.utilities.rank_zero][INFO] - Epoch 47, global step 1008: 'val_error' was not in top 1
[2024-02-15 17:54:58,558][pytorch_lightning.utilities.rank_zero][INFO] - Epoch 48, global step 1029: 'val_error' was not in top 1
[2024-02-15 17:55:09,433][pytorch_lightning.utilities.rank_zero][INFO] - Epoch 49, global step 1050: 'val_error' was not in top 1
[2024-02-15 17:55:09,434][pytorch_lightning.utilities.rank_zero][INFO] - `Trainer.fit` stopped: `max_epochs=50` reached.
[2024-02-15 17:55:09,457][lightning.fabric.utilities.seed][INFO] - Seed set to 1234
[2024-02-15 17:55:09,457][py.warnings][WARNING] - /local/gerum/.cache/pypoetry/virtualenvs/hannah-8Yp6PnCx-py3.11/lib/python3.11/site-packages/pytorch_lightning/trainer/connectors/checkpoint_connector.py:145: `.validate(ckpt_path=None)` was called without a model. The best model of the previous `fit` call will be used. You can pass `.validate(ckpt_path='best')` to use the best model or `.validate(ckpt_path='last')` to use the last model. If you pass a value, this warning will be silenced.

[2024-02-15 17:55:09,458][pytorch_lightning.utilities.rank_zero][INFO] - Restoring states from the checkpoint path at /local/gerum/hannah/experiments/cifar10/trained_models/sweep_lr/kakao_resnet8/lr=0.4/checkpoints/epoch=46-step=987.ckpt
[2024-02-15 17:55:09,474][pytorch_lightning.accelerators.cuda][INFO] - LOCAL_RANK: 0 - CUDA_VISIBLE_DEVICES: [0,1]
[2024-02-15 17:55:09,652][pytorch_lightning.utilities.rank_zero][INFO] - Loaded model weights from the checkpoint at /local/gerum/hannah/experiments/cifar10/trained_models/sweep_lr/kakao_resnet8/lr=0.4/checkpoints/epoch=46-step=987.ckpt
[2024-02-15 17:55:09,975][lightning.fabric.utilities.seed][INFO] - Seed set to 1234
[2024-02-15 17:55:09,975][py.warnings][WARNING] - /local/gerum/.cache/pypoetry/virtualenvs/hannah-8Yp6PnCx-py3.11/lib/python3.11/site-packages/pytorch_lightning/trainer/connectors/checkpoint_connector.py:145: `.test(ckpt_path=None)` was called without a model. The best model of the previous `fit` call will be used. You can pass `.test(ckpt_path='best')` to use the best model or `.test(ckpt_path='last')` to use the last model. If you pass a value, this warning will be silenced.

[2024-02-15 17:55:09,977][pytorch_lightning.utilities.rank_zero][INFO] - Restoring states from the checkpoint path at /local/gerum/hannah/experiments/cifar10/trained_models/sweep_lr/kakao_resnet8/lr=0.4/checkpoints/epoch=46-step=987.ckpt
[2024-02-15 17:55:09,991][pytorch_lightning.accelerators.cuda][INFO] - LOCAL_RANK: 0 - CUDA_VISIBLE_DEVICES: [0,1]
[2024-02-15 17:55:10,165][pytorch_lightning.utilities.rank_zero][INFO] - Loaded model weights from the checkpoint at /local/gerum/hannah/experiments/cifar10/trained_models/sweep_lr/kakao_resnet8/lr=0.4/checkpoints/epoch=46-step=987.ckpt
[2024-02-15 17:55:10,166][py.warnings][WARNING] - /local/gerum/.cache/pypoetry/virtualenvs/hannah-8Yp6PnCx-py3.11/lib/python3.11/site-packages/pytorch_lightning/trainer/connectors/data_connector.py:441: The 'test_dataloader' does not have many workers which may be a bottleneck. Consider increasing the value of the `num_workers` argument` to `num_workers=191` in the `DataLoader` to improve performance.

[2024-02-15 17:55:10,529][hannah.callbacks.summaries][INFO] - 
+----+--------------+-------------------+--------------------------------------------------+------------------+--------------+------------------+--------------+------------------+----------+
|    | Name         | Type              | Attrs                                            | IFM              |   IFM volume | OFM              |   OFM volume |   Weights volume |     MACs |
|----+--------------+-------------------+--------------------------------------------------+------------------+--------------+------------------+--------------+------------------+----------|
|  0 | 0.0          | Conv2d            | k=(3, 3), s=(1, 1), g=(1), dsc=(False), d=(1, 1) | (1, 3, 32, 32)   |         3072 | (1, 64, 32, 32)  |        65536 |             1728 |  1769472 |
|  1 | 0.1          | BatchNorm2d       |                                                  | (1, 64, 32, 32)  |        65536 | (1, 64, 32, 32)  |        65536 |                0 |        0 |
|  2 | 0.2          | ReLU              |                                                  | (1, 64, 32, 32)  |        65536 | (1, 64, 32, 32)  |        65536 |                0 |        0 |
|  3 | 0            | Sequential        |                                                  | (1, 3, 32, 32)   |         3072 | (1, 64, 32, 32)  |        65536 |                0 |        0 |
|  4 | 1.0          | Conv2d            | k=(5, 5), s=(2, 2), g=(1), dsc=(False), d=(1, 1) | (1, 64, 32, 32)  |        65536 | (1, 128, 16, 16) |        32768 |           204800 | 52428800 |
|  5 | 1.1          | BatchNorm2d       |                                                  | (1, 128, 16, 16) |        32768 | (1, 128, 16, 16) |        32768 |                0 |        0 |
|  6 | 1.2          | ReLU              |                                                  | (1, 128, 16, 16) |        32768 | (1, 128, 16, 16) |        32768 |                0 |        0 |
|  7 | 1            | Sequential        |                                                  | (1, 64, 32, 32)  |        65536 | (1, 128, 16, 16) |        32768 |                0 |        0 |
|  8 | 2.module.0.0 | Conv2d            | k=(3, 3), s=(1, 1), g=(1), dsc=(False), d=(1, 1) | (1, 128, 16, 16) |        32768 | (1, 128, 16, 16) |        32768 |           147456 | 37748736 |
|  9 | 2.module.0.1 | BatchNorm2d       |                                                  | (1, 128, 16, 16) |        32768 | (1, 128, 16, 16) |        32768 |                0 |        0 |
| 10 | 2.module.0.2 | ReLU              |                                                  | (1, 128, 16, 16) |        32768 | (1, 128, 16, 16) |        32768 |                0 |        0 |
| 11 | 2.module.0   | Sequential        |                                                  | (1, 128, 16, 16) |        32768 | (1, 128, 16, 16) |        32768 |                0 |        0 |
| 12 | 2.module.1.0 | Conv2d            | k=(3, 3), s=(1, 1), g=(1), dsc=(False), d=(1, 1) | (1, 128, 16, 16) |        32768 | (1, 128, 16, 16) |        32768 |           147456 | 37748736 |
| 13 | 2.module.1.1 | BatchNorm2d       |                                                  | (1, 128, 16, 16) |        32768 | (1, 128, 16, 16) |        32768 |                0 |        0 |
| 14 | 2.module.1.2 | ReLU              |                                                  | (1, 128, 16, 16) |        32768 | (1, 128, 16, 16) |        32768 |                0 |        0 |
| 15 | 2.module.1   | Sequential        |                                                  | (1, 128, 16, 16) |        32768 | (1, 128, 16, 16) |        32768 |                0 |        0 |
| 16 | 2.module     | Sequential        |                                                  | (1, 128, 16, 16) |        32768 | (1, 128, 16, 16) |        32768 |                0 |        0 |
| 17 | 2            | Residual          |                                                  | (1, 128, 16, 16) |        32768 | (1, 128, 16, 16) |        32768 |                0 |        0 |
| 18 | 3.0          | Conv2d            | k=(3, 3), s=(1, 1), g=(1), dsc=(False), d=(1, 1) | (1, 128, 16, 16) |        32768 | (1, 256, 16, 16) |        65536 |           294912 | 75497472 |
| 19 | 3.1          | BatchNorm2d       |                                                  | (1, 256, 16, 16) |        65536 | (1, 256, 16, 16) |        65536 |                0 |        0 |
| 20 | 3.2          | ReLU              |                                                  | (1, 256, 16, 16) |        65536 | (1, 256, 16, 16) |        65536 |                0 |        0 |
| 21 | 3            | Sequential        |                                                  | (1, 128, 16, 16) |        32768 | (1, 256, 16, 16) |        65536 |                0 |        0 |
| 22 | 4            | MaxPool2d         |                                                  | (1, 256, 16, 16) |        65536 | (1, 256, 8, 8)   |        16384 |                0 |        0 |
| 23 | 5.module.0.0 | Conv2d            | k=(3, 3), s=(1, 1), g=(1), dsc=(False), d=(1, 1) | (1, 256, 8, 8)   |        16384 | (1, 256, 8, 8)   |        16384 |           589824 | 37748736 |
| 24 | 5.module.0.1 | BatchNorm2d       |                                                  | (1, 256, 8, 8)   |        16384 | (1, 256, 8, 8)   |        16384 |                0 |        0 |
| 25 | 5.module.0.2 | ReLU              |                                                  | (1, 256, 8, 8)   |        16384 | (1, 256, 8, 8)   |        16384 |                0 |        0 |
| 26 | 5.module.0   | Sequential        |                                                  | (1, 256, 8, 8)   |        16384 | (1, 256, 8, 8)   |        16384 |                0 |        0 |
| 27 | 5.module.1.0 | Conv2d            | k=(3, 3), s=(1, 1), g=(1), dsc=(False), d=(1, 1) | (1, 256, 8, 8)   |        16384 | (1, 256, 8, 8)   |        16384 |           589824 | 37748736 |
| 28 | 5.module.1.1 | BatchNorm2d       |                                                  | (1, 256, 8, 8)   |        16384 | (1, 256, 8, 8)   |        16384 |                0 |        0 |
| 29 | 5.module.1.2 | ReLU              |                                                  | (1, 256, 8, 8)   |        16384 | (1, 256, 8, 8)   |        16384 |                0 |        0 |
| 30 | 5.module.1   | Sequential        |                                                  | (1, 256, 8, 8)   |        16384 | (1, 256, 8, 8)   |        16384 |                0 |        0 |
| 31 | 5.module     | Sequential        |                                                  | (1, 256, 8, 8)   |        16384 | (1, 256, 8, 8)   |        16384 |                0 |        0 |
| 32 | 5            | Residual          |                                                  | (1, 256, 8, 8)   |        16384 | (1, 256, 8, 8)   |        16384 |                0 |        0 |
| 33 | 6.0          | Conv2d            | k=(3, 3), s=(1, 1), g=(1), dsc=(False), d=(1, 1) | (1, 256, 8, 8)   |        16384 | (1, 128, 6, 6)   |         4608 |           294912 | 10616832 |
| 34 | 6.1          | BatchNorm2d       |                                                  | (1, 128, 6, 6)   |         4608 | (1, 128, 6, 6)   |         4608 |                0 |        0 |
| 35 | 6.2          | ReLU              |                                                  | (1, 128, 6, 6)   |         4608 | (1, 128, 6, 6)   |         4608 |                0 |        0 |
| 36 | 6            | Sequential        |                                                  | (1, 256, 8, 8)   |        16384 | (1, 128, 6, 6)   |         4608 |                0 |        0 |
| 37 | 7            | AdaptiveMaxPool2d |                                                  | (1, 128, 6, 6)   |         4608 | (1, 128, 1, 1)   |          128 |                0 |        0 |
| 38 | 8            | Flatten           |                                                  | (1, 128, 1, 1)   |          128 | (1, 128)         |          128 |                0 |        0 |
| 39 | 9            | Linear            |                                                  | (1, 128)         |          128 | (1, 10)          |           10 |             1280 |     1280 |
| 40 | 10           | Mul               |                                                  | (1, 10)          |           10 | (1, 10)          |           10 |                0 |        0 |
+----+--------------+-------------------+--------------------------------------------------+------------------+--------------+------------------+--------------+------------------+----------+
[2024-02-15 17:55:10,530][hannah.callbacks.summaries][INFO] - Total MACs: 291,308,800
[2024-02-15 17:55:10,530][hannah.callbacks.summaries][INFO] - Total Weights: 2,272,192
[2024-02-15 17:55:10,530][hannah.callbacks.summaries][INFO] - Total Activations: 1,185,044
[2024-02-15 17:55:10,530][hannah.callbacks.summaries][INFO] - Estimated Activations: 131,072
[2024-02-15 17:55:10,530][hannah.datasets.base][WARNING] - Datasets class names contain classes that are longer than the recommended lenght of 5 characters, consider implementing class_names_abbreviated in your dataset
[2024-02-15 17:55:10,531][hannah.datasets.base][WARNING] - Datasets class names contain classes that are longer than the recommended lenght of 5 characters, consider implementing class_names_abbreviated in your dataset
[2024-02-15 17:55:10,761][py.warnings][WARNING] - /local/gerum/.cache/pypoetry/virtualenvs/hannah-8Yp6PnCx-py3.11/lib/python3.11/site-packages/torchmetrics/utilities/prints.py:43: UserWarning: The ``compute`` method of metric MulticlassROC was called before the ``update`` method which may lead to errors, as metric states have not yet been updated.
  warnings.warn(*args, **kwargs)  # noqa: B028

[2024-02-15 17:55:10,762][hannah.datasets.base][WARNING] - Datasets class names contain classes that are longer than the recommended lenght of 5 characters, consider implementing class_names_abbreviated in your dataset
[2024-02-15 17:55:10,854][py.warnings][WARNING] - /local/gerum/.cache/pypoetry/virtualenvs/hannah-8Yp6PnCx-py3.11/lib/python3.11/site-packages/torchmetrics/utilities/prints.py:43: UserWarning: The ``compute`` method of metric MulticlassPrecisionRecallCurve was called before the ``update`` method which may lead to errors, as metric states have not yet been updated.
  warnings.warn(*args, **kwargs)  # noqa: B028

[2024-02-15 17:55:10,854][hannah.datasets.base][WARNING] - Datasets class names contain classes that are longer than the recommended lenght of 5 characters, consider implementing class_names_abbreviated in your dataset
[2024-02-15 17:55:11,293][hannah.train][INFO] - Averaged Result Metrics:
| Metric               |      Mean |   Std |   Count |
|----------------------|-----------|-------|---------|
| test_classifier_loss | 0.225631  |     0 |       1 |
| test_accuracy        | 0.925049  |     0 |       1 |
| test_error           | 0.0749512 |     0 |       1 |
| test_f1              | 0.925411  |     0 |       1 |
| test_precision       | 0.925683  |     0 |       1 |
| test_recall          | 0.925244  |     0 |       1 |
| test_loss            | 0.225631  |     0 |       1 |
[2024-02-15 17:55:11,303][hannah.train][INFO] - Averaged Result Metrics:
| Metric              |      Mean |   Std |   Count |
|---------------------|-----------|-------|---------|
| val_classifier_loss | 0.237294  |     0 |       1 |
| val_accuracy        | 0.921631  |     0 |       1 |
| val_error           | 0.0783691 |     0 |       1 |
| val_f1              | 0.921252  |     0 |       1 |
| val_precision       | 0.921697  |     0 |       1 |
| val_recall          | 0.921134  |     0 |       1 |
| val_loss            | 0.237294  |     0 |       1 |
