[2024-02-15 12:11:43,741][hannah.utils.utils][INFO] - Environment info:
[2024-02-15 12:11:43,742][hannah.utils.utils][INFO] -   Number of GPUs: 2
[2024-02-15 12:11:43,742][hannah.utils.utils][INFO] -   CUDA version: 12.1
[2024-02-15 12:11:43,742][hannah.utils.utils][INFO] -   CUDNN version: 8907
[2024-02-15 12:11:43,742][hannah.utils.utils][INFO] -   Kernel: 4.18.0-513.11.1.el8_9.x86_64
[2024-02-15 12:11:43,742][hannah.utils.utils][INFO] -   Python: 3.11.5 (main, Nov 15 2023, 03:52:27) [GCC 8.5.0 20210514 (Red Hat 8.5.0-20)]
[2024-02-15 12:11:43,742][hannah.utils.utils][INFO] -   PyTorch: 2.1.2+cu121
[2024-02-15 12:11:43,742][hannah.utils.utils][INFO] -   Pytorch Lightning: 2.1.3
[2024-02-15 12:11:43,742][hannah.utils.utils][INFO] -   Numpy: 1.23.5
[2024-02-15 12:11:43,742][hannah.utils.utils][INFO] -   Hannah version info:
[2024-02-15 12:11:43,742][hannah.utils.utils][INFO] -     Cannot find a Git repository.  You probably downloaded an archive
[2024-02-15 12:11:43,742][hannah.utils.utils][INFO] -   Command line: /local/gerum/.cache/pypoetry/virtualenvs/hannah-8Yp6PnCx-py3.11/bin/hannah-train +experiment=sweep_lr
[2024-02-15 12:11:43,742][hannah.utils.utils][INFO] -   
[2024-02-15 12:11:43,743][lightning.fabric.utilities.seed][INFO] - Seed set to 1234
[2024-02-15 12:11:43,743][root][INFO] - Configuration: 
[2024-02-15 12:11:43,746][root][INFO] - dataset:
  data_folder: ${hydra:runtime.cwd}/datasets/
  cls: hannah.datasets.vision.Cifar10Dataset
  dataset: cifar10
  val_percent: 0.1
features:
  _target_: torch.nn.Identity
model:
  _target_: hannah.models.kakao_resnet.resnet8
  name: kakao_resnet8
  width_multiplier: 1.0
  input_kernel: 3
  input_stride: 1
scheduler:
  _target_: torch.optim.lr_scheduler.OneCycleLR
  max_lr: 0.6
  pct_start: 0.3
  anneal_strategy: cos
  cycle_momentum: true
  base_momentum: 0.85
  max_momentum: 0.95
  div_factor: 25.0
  final_div_factor: 10000.0
  last_epoch: -1
optimizer:
  _target_: torch.optim.sgd.SGD
  lr: 0.3
  momentum: 0.9
  dampening: 0
  weight_decay: 0.0005
  nesterov: false
module:
  _target_: hannah.modules.vision.ImageClassifierModule
  num_workers: 0
  batch_size: 2048
  shuffle_all_dataloaders: false
trainer:
  _target_: pytorch_lightning.trainer.Trainer
  accelerator: auto
  devices: 1
  limit_train_batches: 1.0
  limit_val_batches: 1.0
  limit_test_batches: 1.0
  max_epochs: 50
  default_root_dir: .
  fast_dev_run: false
  overfit_batches: 0.0
  benchmark: false
  deterministic: warn
  gradient_clip_val: 0
  accumulate_grad_batches: 1
  plugins: null
  strategy: auto
  reload_dataloaders_every_n_epochs: 0
  precision: 16
  enable_model_summary: false
checkpoint:
  _target_: pytorch_lightning.callbacks.ModelCheckpoint
  dirpath: checkpoints
  save_top_k: 1
  verbose: true
  monitor: val_error
  mode: min
  save_last: true
augmentation:
  batch_augment:
    pipeline: null
    transforms:
      RandomHorizontalFlip:
        p: 0.5
      RandomAffine:
        degrees:
        - -15
        - 15
        translate:
        - 0.1
        - 0.1
        scale:
        - 0.9
        - 1.1
        shear:
        - -5
        - 5
        p: 0.5
      RandomCrop:
        size:
        - 32
        - 32
        padding: 4
      RandomErasing:
        p: 0.5
experiment_id: sweep_lr
output_dir: trained_models
auto_lr: false
resume: false
fx_mac_summary: false
skip_test: false
skip_val: false
seed:
- 1234
validate_output: false
monitor:
  metric: val_accuracy
  direction: maximize

[2024-02-15 12:11:43,746][root][INFO] - Current working directory /local/gerum/hannah/experiments/cifar10/trained_models/sweep_lr/kakao_resnet8/lr=0.6
[2024-02-15 12:11:43,751][root][ERROR] - Exception Message: Error locating target 'hannah.modules.vision.ImageClassifierModule', set env var HYDRA_FULL_ERROR=1 to see chained exception.
full_key: module
Traceback (most recent call last):
  File "/local/gerum/.cache/pypoetry/virtualenvs/hannah-8Yp6PnCx-py3.11/lib/python3.11/site-packages/hydra/_internal/utils.py", line 644, in _locate
    obj = getattr(obj, part)
          ^^^^^^^^^^^^^^^^^^
AttributeError: module 'hannah.modules' has no attribute 'vision'

During handling of the above exception, another exception occurred:

Traceback (most recent call last):
  File "/local/gerum/.cache/pypoetry/virtualenvs/hannah-8Yp6PnCx-py3.11/lib/python3.11/site-packages/hydra/_internal/utils.py", line 650, in _locate
    obj = import_module(mod)
          ^^^^^^^^^^^^^^^^^^
  File "/usr/lib64/python3.11/importlib/__init__.py", line 126, in import_module
    return _bootstrap._gcd_import(name[level:], package, level)
           ^^^^^^^^^^^^^^^^^^^^^^^^^^^^^^^^^^^^^^^^^^^^^^^^^^^^
  File "<frozen importlib._bootstrap>", line 1204, in _gcd_import
  File "<frozen importlib._bootstrap>", line 1176, in _find_and_load
  File "<frozen importlib._bootstrap>", line 1147, in _find_and_load_unlocked
  File "<frozen importlib._bootstrap>", line 690, in _load_unlocked
  File "<frozen importlib._bootstrap_external>", line 940, in exec_module
  File "<frozen importlib._bootstrap>", line 241, in _call_with_frames_removed
  File "/local/gerum/hannah/hannah/modules/vision/__init__.py", line 19, in <module>
    from .anomaly_detection import AnomalyDetectionModule
  File "/local/gerum/hannah/hannah/modules/vision/anomaly_detection.py", line 34, in <module>
    from .base import VisionBaseModule
  File "/local/gerum/hannah/hannah/modules/vision/base.py", line 24, in <module>
    import kornia
ModuleNotFoundError: No module named 'kornia'

The above exception was the direct cause of the following exception:

Traceback (most recent call last):
  File "/local/gerum/.cache/pypoetry/virtualenvs/hannah-8Yp6PnCx-py3.11/lib/python3.11/site-packages/hydra/_internal/instantiate/_instantiate2.py", line 134, in _resolve_target
    target = _locate(target)
             ^^^^^^^^^^^^^^^
  File "/local/gerum/.cache/pypoetry/virtualenvs/hannah-8Yp6PnCx-py3.11/lib/python3.11/site-packages/hydra/_internal/utils.py", line 653, in _locate
    raise ImportError(
ImportError: Error loading 'hannah.modules.vision.ImageClassifierModule':
ModuleNotFoundError("No module named 'kornia'")
Are you sure that 'vision' is importable from module 'hannah.modules'?

The above exception was the direct cause of the following exception:

Traceback (most recent call last):
  File "/local/gerum/hannah/hannah/tools/train.py", line 44, in main
    return train(config)
           ^^^^^^^^^^^^^
  File "/local/gerum/hannah/hannah/train.py", line 93, in train
    lit_module = instantiate(
                 ^^^^^^^^^^^^
  File "/local/gerum/.cache/pypoetry/virtualenvs/hannah-8Yp6PnCx-py3.11/lib/python3.11/site-packages/hydra/_internal/instantiate/_instantiate2.py", line 226, in instantiate
    return instantiate_node(
           ^^^^^^^^^^^^^^^^^
  File "/local/gerum/.cache/pypoetry/virtualenvs/hannah-8Yp6PnCx-py3.11/lib/python3.11/site-packages/hydra/_internal/instantiate/_instantiate2.py", line 333, in instantiate_node
    _target_ = _resolve_target(node.get(_Keys.TARGET), full_key)
               ^^^^^^^^^^^^^^^^^^^^^^^^^^^^^^^^^^^^^^^^^^^^^^^^^
  File "/local/gerum/.cache/pypoetry/virtualenvs/hannah-8Yp6PnCx-py3.11/lib/python3.11/site-packages/hydra/_internal/instantiate/_instantiate2.py", line 139, in _resolve_target
    raise InstantiationException(msg) from e
hydra.errors.InstantiationException: Error locating target 'hannah.modules.vision.ImageClassifierModule', set env var HYDRA_FULL_ERROR=1 to see chained exception.
full_key: module
[2024-02-15 22:05:54,675][hannah.utils.utils][INFO] - Environment info:
[2024-02-15 22:05:54,675][hannah.utils.utils][INFO] -   Number of GPUs: 2
[2024-02-15 22:05:54,675][hannah.utils.utils][INFO] -   CUDA version: 12.1
[2024-02-15 22:05:54,675][hannah.utils.utils][INFO] -   CUDNN version: 8907
[2024-02-15 22:05:54,675][hannah.utils.utils][INFO] -   Kernel: 4.18.0-513.11.1.el8_9.x86_64
[2024-02-15 22:05:54,676][hannah.utils.utils][INFO] -   Python: 3.11.5 (main, Nov 15 2023, 03:52:27) [GCC 8.5.0 20210514 (Red Hat 8.5.0-20)]
[2024-02-15 22:05:54,676][hannah.utils.utils][INFO] -   PyTorch: 2.1.2+cu121
[2024-02-15 22:05:54,676][hannah.utils.utils][INFO] -   Pytorch Lightning: 2.1.3
[2024-02-15 22:05:54,676][hannah.utils.utils][INFO] -   Numpy: 1.23.5
[2024-02-15 22:05:54,676][hannah.utils.utils][INFO] -   Hannah version info:
[2024-02-15 22:05:54,676][hannah.utils.utils][INFO] -     Cannot find a Git repository.  You probably downloaded an archive
[2024-02-15 22:05:54,676][hannah.utils.utils][INFO] -   Command line: /local/gerum/.cache/pypoetry/virtualenvs/hannah-8Yp6PnCx-py3.11/bin/hannah-train +experiment=sweep_lr
[2024-02-15 22:05:54,676][hannah.utils.utils][INFO] -   
[2024-02-15 22:05:54,676][lightning.fabric.utilities.seed][INFO] - Seed set to 1234
[2024-02-15 22:05:54,676][root][INFO] - Configuration: 
[2024-02-15 22:05:54,679][root][INFO] - dataset:
  data_folder: ${hydra:runtime.cwd}/datasets/
  cls: hannah.datasets.vision.Cifar10Dataset
  dataset: cifar10
  val_percent: 0.1
features:
  _target_: torch.nn.Identity
model:
  _target_: hannah.models.kakao_resnet.resnet8
  name: kakao_resnet8
  width_multiplier: 1.0
  input_kernel: 3
  input_stride: 1
scheduler:
  _target_: torch.optim.lr_scheduler.OneCycleLR
  max_lr: 0.6
  pct_start: 0.3
  anneal_strategy: cos
  cycle_momentum: true
  base_momentum: 0.85
  max_momentum: 0.95
  div_factor: 25.0
  final_div_factor: 10000.0
  last_epoch: -1
optimizer:
  _target_: torch.optim.sgd.SGD
  lr: 0.3
  momentum: 0.9
  dampening: 0
  weight_decay: 0.0005
  nesterov: false
module:
  _target_: hannah.modules.vision.ImageClassifierModule
  num_workers: 0
  batch_size: 2048
  shuffle_all_dataloaders: false
trainer:
  _target_: pytorch_lightning.trainer.Trainer
  accelerator: auto
  devices: 1
  limit_train_batches: 1.0
  limit_val_batches: 1.0
  limit_test_batches: 1.0
  max_epochs: 50
  default_root_dir: .
  fast_dev_run: false
  overfit_batches: 0.0
  benchmark: false
  deterministic: warn
  gradient_clip_val: 0
  accumulate_grad_batches: 1
  plugins: null
  strategy: auto
  reload_dataloaders_every_n_epochs: 0
  precision: 16
  enable_model_summary: false
checkpoint:
  _target_: pytorch_lightning.callbacks.ModelCheckpoint
  dirpath: checkpoints
  save_top_k: 1
  verbose: true
  monitor: val_error
  mode: min
  save_last: true
augmentation:
  batch_augment:
    pipeline: null
    transforms:
      RandomHorizontalFlip:
        p: 0.5
      RandomAffine:
        degrees:
        - -15
        - 15
        translate:
        - 0.1
        - 0.1
        scale:
        - 0.9
        - 1.1
        shear:
        - -5
        - 5
        p: 0.5
      RandomCrop:
        size:
        - 32
        - 32
        padding: 4
      RandomErasing:
        p: 0.5
experiment_id: sweep_lr
output_dir: trained_models
auto_lr: false
resume: false
fx_mac_summary: false
skip_test: false
skip_val: false
seed:
- 1234
validate_output: false
monitor:
  metric: val_accuracy
  direction: maximize

[2024-02-15 22:05:54,679][root][INFO] - Current working directory /local/gerum/hannah/experiments/cifar10/trained_models/sweep_lr/kakao_resnet8/lr=0.6
[2024-02-15 22:05:54,685][hannah.callbacks.optimization][INFO] - Monitoring the following values for optimization
[2024-02-15 22:05:54,686][hannah.callbacks.optimization][INFO] -   - val_accuracy direction: maximize(-1)
[2024-02-15 22:05:54,688][py.warnings][WARNING] - /local/gerum/.cache/pypoetry/virtualenvs/hannah-8Yp6PnCx-py3.11/lib/python3.11/site-packages/lightning_fabric/connector.py:558: `precision=16` is supported for historical reasons but its usage is discouraged. Please set your precision to 16-mixed instead!

[2024-02-15 22:05:54,689][pytorch_lightning.utilities.rank_zero][INFO] - Using 16bit Automatic Mixed Precision (AMP)
[2024-02-15 22:05:54,694][pytorch_lightning.utilities.rank_zero][INFO] - GPU available: True (cuda), used: True
[2024-02-15 22:05:54,694][pytorch_lightning.utilities.rank_zero][INFO] - TPU available: False, using: 0 TPU cores
[2024-02-15 22:05:54,694][pytorch_lightning.utilities.rank_zero][INFO] - IPU available: False, using: 0 IPUs
[2024-02-15 22:05:54,694][pytorch_lightning.utilities.rank_zero][INFO] - HPU available: False, using: 0 HPUs
[2024-02-15 22:05:54,694][pytorch_lightning.utilities.rank_zero][INFO] - `Trainer(limit_train_batches=1.0)` was configured so 100% of the batches per epoch will be used..
[2024-02-15 22:05:54,694][pytorch_lightning.utilities.rank_zero][INFO] - `Trainer(limit_val_batches=1.0)` was configured so 100% of the batches will be used..
[2024-02-15 22:05:54,694][pytorch_lightning.utilities.rank_zero][INFO] - `Trainer(limit_test_batches=1.0)` was configured so 100% of the batches will be used..
[2024-02-15 22:05:54,694][root][INFO] - Starting training
[2024-02-15 22:05:55,896][py.warnings][WARNING] - /local/gerum/hannah/hannah/modules/vision/base.py:66: UserWarning: Vision datasets should return a length 4 tuple, will assume unlabeled data is None
  warnings.warn(

[2024-02-15 22:05:55,897][hannah.modules.vision.base][INFO] - Dataset lengths:
[2024-02-15 22:05:55,897][hannah.modules.vision.base][INFO] -   Train Set (Labeled): 45000
[2024-02-15 22:05:55,897][hannah.modules.vision.base][INFO] -   Train Set (Unlabled): 0
[2024-02-15 22:05:55,897][hannah.modules.vision.base][INFO] -   Dev Set: 5000
[2024-02-15 22:05:55,897][hannah.modules.vision.base][INFO] -   Test Set: 10000
[2024-02-15 22:05:55,897][hannah.modules.vision.base][INFO] - Setting up model kakao_resnet8
[2024-02-15 22:05:55,919][hannah.modules.vision.base][INFO] - Instantiating input Normalizer with mean: (0.491, 0.482, 0.446), std: (0.247, 0.243, 0.261)
[2024-02-15 22:05:55,925][hannah.modules.vision.base][INFO] - Running dummy forward to initialize lazy modules
[2024-02-15 22:05:55,935][pytorch_lightning.accelerators.cuda][INFO] - LOCAL_RANK: 0 - CUDA_VISIBLE_DEVICES: [0,1]
[2024-02-15 22:05:55,936][pytorch_lightning.utilities.rank_zero][INFO] - Loading `train_dataloader` to estimate number of stepping batches.
[2024-02-15 22:05:55,937][py.warnings][WARNING] - /local/gerum/.cache/pypoetry/virtualenvs/hannah-8Yp6PnCx-py3.11/lib/python3.11/site-packages/pytorch_lightning/trainer/connectors/data_connector.py:441: The 'train_dataloader' does not have many workers which may be a bottleneck. Consider increasing the value of the `num_workers` argument` to `num_workers=191` in the `DataLoader` to improve performance.

[2024-02-15 22:05:55,937][py.warnings][WARNING] - /local/gerum/.cache/pypoetry/virtualenvs/hannah-8Yp6PnCx-py3.11/lib/python3.11/site-packages/pytorch_lightning/loops/fit_loop.py:293: The number of training batches (21) is smaller than the logging interval Trainer(log_every_n_steps=50). Set a lower value for log_every_n_steps if you want to see logs for the training epoch.

[2024-02-15 22:05:56,554][py.warnings][WARNING] - /local/gerum/.cache/pypoetry/virtualenvs/hannah-8Yp6PnCx-py3.11/lib/python3.11/site-packages/pytorch_lightning/trainer/connectors/data_connector.py:441: The 'val_dataloader' does not have many workers which may be a bottleneck. Consider increasing the value of the `num_workers` argument` to `num_workers=191` in the `DataLoader` to improve performance.

[2024-02-15 22:05:56,762][hannah.callbacks.summaries][INFO] - 
+----+--------------+-------------------+--------------------------------------------------+------------------+--------------+------------------+--------------+------------------+----------+
|    | Name         | Type              | Attrs                                            | IFM              |   IFM volume | OFM              |   OFM volume |   Weights volume |     MACs |
|----+--------------+-------------------+--------------------------------------------------+------------------+--------------+------------------+--------------+------------------+----------|
|  0 | 0.0          | Conv2d            | k=(3, 3), s=(1, 1), g=(1), dsc=(False), d=(1, 1) | (1, 3, 32, 32)   |         3072 | (1, 64, 32, 32)  |        65536 |             1728 |  1769472 |
|  1 | 0.1          | BatchNorm2d       |                                                  | (1, 64, 32, 32)  |        65536 | (1, 64, 32, 32)  |        65536 |                0 |        0 |
|  2 | 0.2          | ReLU              |                                                  | (1, 64, 32, 32)  |        65536 | (1, 64, 32, 32)  |        65536 |                0 |        0 |
|  3 | 0            | Sequential        |                                                  | (1, 3, 32, 32)   |         3072 | (1, 64, 32, 32)  |        65536 |                0 |        0 |
|  4 | 1.0          | Conv2d            | k=(5, 5), s=(2, 2), g=(1), dsc=(False), d=(1, 1) | (1, 64, 32, 32)  |        65536 | (1, 128, 16, 16) |        32768 |           204800 | 52428800 |
|  5 | 1.1          | BatchNorm2d       |                                                  | (1, 128, 16, 16) |        32768 | (1, 128, 16, 16) |        32768 |                0 |        0 |
|  6 | 1.2          | ReLU              |                                                  | (1, 128, 16, 16) |        32768 | (1, 128, 16, 16) |        32768 |                0 |        0 |
|  7 | 1            | Sequential        |                                                  | (1, 64, 32, 32)  |        65536 | (1, 128, 16, 16) |        32768 |                0 |        0 |
|  8 | 2.module.0.0 | Conv2d            | k=(3, 3), s=(1, 1), g=(1), dsc=(False), d=(1, 1) | (1, 128, 16, 16) |        32768 | (1, 128, 16, 16) |        32768 |           147456 | 37748736 |
|  9 | 2.module.0.1 | BatchNorm2d       |                                                  | (1, 128, 16, 16) |        32768 | (1, 128, 16, 16) |        32768 |                0 |        0 |
| 10 | 2.module.0.2 | ReLU              |                                                  | (1, 128, 16, 16) |        32768 | (1, 128, 16, 16) |        32768 |                0 |        0 |
| 11 | 2.module.0   | Sequential        |                                                  | (1, 128, 16, 16) |        32768 | (1, 128, 16, 16) |        32768 |                0 |        0 |
| 12 | 2.module.1.0 | Conv2d            | k=(3, 3), s=(1, 1), g=(1), dsc=(False), d=(1, 1) | (1, 128, 16, 16) |        32768 | (1, 128, 16, 16) |        32768 |           147456 | 37748736 |
| 13 | 2.module.1.1 | BatchNorm2d       |                                                  | (1, 128, 16, 16) |        32768 | (1, 128, 16, 16) |        32768 |                0 |        0 |
| 14 | 2.module.1.2 | ReLU              |                                                  | (1, 128, 16, 16) |        32768 | (1, 128, 16, 16) |        32768 |                0 |        0 |
| 15 | 2.module.1   | Sequential        |                                                  | (1, 128, 16, 16) |        32768 | (1, 128, 16, 16) |        32768 |                0 |        0 |
| 16 | 2.module     | Sequential        |                                                  | (1, 128, 16, 16) |        32768 | (1, 128, 16, 16) |        32768 |                0 |        0 |
| 17 | 2            | Residual          |                                                  | (1, 128, 16, 16) |        32768 | (1, 128, 16, 16) |        32768 |                0 |        0 |
| 18 | 3.0          | Conv2d            | k=(3, 3), s=(1, 1), g=(1), dsc=(False), d=(1, 1) | (1, 128, 16, 16) |        32768 | (1, 256, 16, 16) |        65536 |           294912 | 75497472 |
| 19 | 3.1          | BatchNorm2d       |                                                  | (1, 256, 16, 16) |        65536 | (1, 256, 16, 16) |        65536 |                0 |        0 |
| 20 | 3.2          | ReLU              |                                                  | (1, 256, 16, 16) |        65536 | (1, 256, 16, 16) |        65536 |                0 |        0 |
| 21 | 3            | Sequential        |                                                  | (1, 128, 16, 16) |        32768 | (1, 256, 16, 16) |        65536 |                0 |        0 |
| 22 | 4            | MaxPool2d         |                                                  | (1, 256, 16, 16) |        65536 | (1, 256, 8, 8)   |        16384 |                0 |        0 |
| 23 | 5.module.0.0 | Conv2d            | k=(3, 3), s=(1, 1), g=(1), dsc=(False), d=(1, 1) | (1, 256, 8, 8)   |        16384 | (1, 256, 8, 8)   |        16384 |           589824 | 37748736 |
| 24 | 5.module.0.1 | BatchNorm2d       |                                                  | (1, 256, 8, 8)   |        16384 | (1, 256, 8, 8)   |        16384 |                0 |        0 |
| 25 | 5.module.0.2 | ReLU              |                                                  | (1, 256, 8, 8)   |        16384 | (1, 256, 8, 8)   |        16384 |                0 |        0 |
| 26 | 5.module.0   | Sequential        |                                                  | (1, 256, 8, 8)   |        16384 | (1, 256, 8, 8)   |        16384 |                0 |        0 |
| 27 | 5.module.1.0 | Conv2d            | k=(3, 3), s=(1, 1), g=(1), dsc=(False), d=(1, 1) | (1, 256, 8, 8)   |        16384 | (1, 256, 8, 8)   |        16384 |           589824 | 37748736 |
| 28 | 5.module.1.1 | BatchNorm2d       |                                                  | (1, 256, 8, 8)   |        16384 | (1, 256, 8, 8)   |        16384 |                0 |        0 |
| 29 | 5.module.1.2 | ReLU              |                                                  | (1, 256, 8, 8)   |        16384 | (1, 256, 8, 8)   |        16384 |                0 |        0 |
| 30 | 5.module.1   | Sequential        |                                                  | (1, 256, 8, 8)   |        16384 | (1, 256, 8, 8)   |        16384 |                0 |        0 |
| 31 | 5.module     | Sequential        |                                                  | (1, 256, 8, 8)   |        16384 | (1, 256, 8, 8)   |        16384 |                0 |        0 |
| 32 | 5            | Residual          |                                                  | (1, 256, 8, 8)   |        16384 | (1, 256, 8, 8)   |        16384 |                0 |        0 |
| 33 | 6.0          | Conv2d            | k=(3, 3), s=(1, 1), g=(1), dsc=(False), d=(1, 1) | (1, 256, 8, 8)   |        16384 | (1, 128, 6, 6)   |         4608 |           294912 | 10616832 |
| 34 | 6.1          | BatchNorm2d       |                                                  | (1, 128, 6, 6)   |         4608 | (1, 128, 6, 6)   |         4608 |                0 |        0 |
| 35 | 6.2          | ReLU              |                                                  | (1, 128, 6, 6)   |         4608 | (1, 128, 6, 6)   |         4608 |                0 |        0 |
| 36 | 6            | Sequential        |                                                  | (1, 256, 8, 8)   |        16384 | (1, 128, 6, 6)   |         4608 |                0 |        0 |
| 37 | 7            | AdaptiveMaxPool2d |                                                  | (1, 128, 6, 6)   |         4608 | (1, 128, 1, 1)   |          128 |                0 |        0 |
| 38 | 8            | Flatten           |                                                  | (1, 128, 1, 1)   |          128 | (1, 128)         |          128 |                0 |        0 |
| 39 | 9            | Linear            |                                                  | (1, 128)         |          128 | (1, 10)          |           10 |             1280 |     1280 |
| 40 | 10           | Mul               |                                                  | (1, 10)          |           10 | (1, 10)          |           10 |                0 |        0 |
+----+--------------+-------------------+--------------------------------------------------+------------------+--------------+------------------+--------------+------------------+----------+
[2024-02-15 22:05:56,763][hannah.callbacks.summaries][INFO] - Total MACs: 291,308,800
[2024-02-15 22:05:56,763][hannah.callbacks.summaries][INFO] - Total Weights: 2,272,192
[2024-02-15 22:05:56,763][hannah.callbacks.summaries][INFO] - Total Activations: 1,185,044
[2024-02-15 22:05:56,763][hannah.callbacks.summaries][INFO] - Estimated Activations: 131,072
[2024-02-15 22:05:57,238][py.warnings][WARNING] - /local/gerum/.cache/pypoetry/virtualenvs/hannah-8Yp6PnCx-py3.11/lib64/python3.11/site-packages/torch/autograd/__init__.py:251: UserWarning: adaptive_max_pool2d_backward_cuda does not have a deterministic implementation, but you set 'torch.use_deterministic_algorithms(True, warn_only=True)'. You can file an issue at https://github.com/pytorch/pytorch/issues to help us prioritize adding deterministic support for this operation. (Triggered internally at ../aten/src/ATen/Context.cpp:71.)
  Variable._execution_engine.run_backward(  # Calls into the C++ engine to run the backward pass

[2024-02-15 22:06:07,525][pytorch_lightning.utilities.rank_zero][INFO] - Epoch 0, global step 21: 'val_error' reached 0.76782 (best 0.76782), saving model to '/local/gerum/hannah/experiments/cifar10/trained_models/sweep_lr/kakao_resnet8/lr=0.6/checkpoints/epoch=0-step=21.ckpt' as top 1
[2024-02-15 22:06:18,397][pytorch_lightning.utilities.rank_zero][INFO] - Epoch 1, global step 42: 'val_error' reached 0.65210 (best 0.65210), saving model to '/local/gerum/hannah/experiments/cifar10/trained_models/sweep_lr/kakao_resnet8/lr=0.6/checkpoints/epoch=1-step=42.ckpt' as top 1
[2024-02-15 22:06:29,729][pytorch_lightning.utilities.rank_zero][INFO] - Epoch 2, global step 63: 'val_error' was not in top 1
[2024-02-15 22:06:40,514][pytorch_lightning.utilities.rank_zero][INFO] - Epoch 3, global step 84: 'val_error' was not in top 1
[2024-02-15 22:06:51,366][pytorch_lightning.utilities.rank_zero][INFO] - Epoch 4, global step 105: 'val_error' reached 0.45679 (best 0.45679), saving model to '/local/gerum/hannah/experiments/cifar10/trained_models/sweep_lr/kakao_resnet8/lr=0.6/checkpoints/epoch=4-step=105.ckpt' as top 1
[2024-02-15 22:07:02,712][pytorch_lightning.utilities.rank_zero][INFO] - Epoch 5, global step 126: 'val_error' reached 0.42651 (best 0.42651), saving model to '/local/gerum/hannah/experiments/cifar10/trained_models/sweep_lr/kakao_resnet8/lr=0.6/checkpoints/epoch=5-step=126.ckpt' as top 1
[2024-02-15 22:07:13,519][pytorch_lightning.utilities.rank_zero][INFO] - Epoch 6, global step 147: 'val_error' reached 0.36084 (best 0.36084), saving model to '/local/gerum/hannah/experiments/cifar10/trained_models/sweep_lr/kakao_resnet8/lr=0.6/checkpoints/epoch=6-step=147.ckpt' as top 1
[2024-02-15 22:07:24,350][pytorch_lightning.utilities.rank_zero][INFO] - Epoch 7, global step 168: 'val_error' reached 0.30981 (best 0.30981), saving model to '/local/gerum/hannah/experiments/cifar10/trained_models/sweep_lr/kakao_resnet8/lr=0.6/checkpoints/epoch=7-step=168.ckpt' as top 1
[2024-02-15 22:07:35,644][pytorch_lightning.utilities.rank_zero][INFO] - Epoch 8, global step 189: 'val_error' reached 0.29150 (best 0.29150), saving model to '/local/gerum/hannah/experiments/cifar10/trained_models/sweep_lr/kakao_resnet8/lr=0.6/checkpoints/epoch=8-step=189.ckpt' as top 1
[2024-02-15 22:07:46,520][pytorch_lightning.utilities.rank_zero][INFO] - Epoch 9, global step 210: 'val_error' was not in top 1
[2024-02-15 22:07:57,370][pytorch_lightning.utilities.rank_zero][INFO] - Epoch 10, global step 231: 'val_error' was not in top 1
[2024-02-15 22:08:08,683][pytorch_lightning.utilities.rank_zero][INFO] - Epoch 11, global step 252: 'val_error' reached 0.21924 (best 0.21924), saving model to '/local/gerum/hannah/experiments/cifar10/trained_models/sweep_lr/kakao_resnet8/lr=0.6/checkpoints/epoch=11-step=252.ckpt' as top 1
[2024-02-15 22:08:19,510][pytorch_lightning.utilities.rank_zero][INFO] - Epoch 12, global step 273: 'val_error' was not in top 1
[2024-02-15 22:08:30,326][pytorch_lightning.utilities.rank_zero][INFO] - Epoch 13, global step 294: 'val_error' was not in top 1
[2024-02-15 22:08:41,601][pytorch_lightning.utilities.rank_zero][INFO] - Epoch 14, global step 315: 'val_error' was not in top 1
[2024-02-15 22:08:52,508][pytorch_lightning.utilities.rank_zero][INFO] - Epoch 15, global step 336: 'val_error' reached 0.21436 (best 0.21436), saving model to '/local/gerum/hannah/experiments/cifar10/trained_models/sweep_lr/kakao_resnet8/lr=0.6/checkpoints/epoch=15-step=336.ckpt' as top 1
[2024-02-15 22:09:03,376][pytorch_lightning.utilities.rank_zero][INFO] - Epoch 16, global step 357: 'val_error' reached 0.19214 (best 0.19214), saving model to '/local/gerum/hannah/experiments/cifar10/trained_models/sweep_lr/kakao_resnet8/lr=0.6/checkpoints/epoch=16-step=357.ckpt' as top 1
[2024-02-15 22:09:14,560][pytorch_lightning.utilities.rank_zero][INFO] - Epoch 17, global step 378: 'val_error' reached 0.17871 (best 0.17871), saving model to '/local/gerum/hannah/experiments/cifar10/trained_models/sweep_lr/kakao_resnet8/lr=0.6/checkpoints/epoch=17-step=378.ckpt' as top 1
[2024-02-15 22:09:25,464][pytorch_lightning.utilities.rank_zero][INFO] - Epoch 18, global step 399: 'val_error' was not in top 1
[2024-02-15 22:09:36,311][pytorch_lightning.utilities.rank_zero][INFO] - Epoch 19, global step 420: 'val_error' was not in top 1
[2024-02-15 22:09:47,579][pytorch_lightning.utilities.rank_zero][INFO] - Epoch 20, global step 441: 'val_error' reached 0.16528 (best 0.16528), saving model to '/local/gerum/hannah/experiments/cifar10/trained_models/sweep_lr/kakao_resnet8/lr=0.6/checkpoints/epoch=20-step=441.ckpt' as top 1
[2024-02-15 22:09:58,514][pytorch_lightning.utilities.rank_zero][INFO] - Epoch 21, global step 462: 'val_error' was not in top 1
[2024-02-15 22:10:09,385][pytorch_lightning.utilities.rank_zero][INFO] - Epoch 22, global step 483: 'val_error' was not in top 1
[2024-02-15 22:10:20,723][pytorch_lightning.utilities.rank_zero][INFO] - Epoch 23, global step 504: 'val_error' was not in top 1
[2024-02-15 22:10:31,895][pytorch_lightning.utilities.rank_zero][INFO] - Epoch 24, global step 525: 'val_error' was not in top 1
[2024-02-15 22:10:42,688][pytorch_lightning.utilities.rank_zero][INFO] - Epoch 25, global step 546: 'val_error' was not in top 1
[2024-02-15 22:10:54,157][pytorch_lightning.utilities.rank_zero][INFO] - Epoch 26, global step 567: 'val_error' reached 0.15063 (best 0.15063), saving model to '/local/gerum/hannah/experiments/cifar10/trained_models/sweep_lr/kakao_resnet8/lr=0.6/checkpoints/epoch=26-step=567.ckpt' as top 1
[2024-02-15 22:11:05,306][pytorch_lightning.utilities.rank_zero][INFO] - Epoch 27, global step 588: 'val_error' was not in top 1
[2024-02-15 22:11:16,588][pytorch_lightning.utilities.rank_zero][INFO] - Epoch 28, global step 609: 'val_error' reached 0.14258 (best 0.14258), saving model to '/local/gerum/hannah/experiments/cifar10/trained_models/sweep_lr/kakao_resnet8/lr=0.6/checkpoints/epoch=28-step=609.ckpt' as top 1
[2024-02-15 22:11:28,149][pytorch_lightning.utilities.rank_zero][INFO] - Epoch 29, global step 630: 'val_error' reached 0.13818 (best 0.13818), saving model to '/local/gerum/hannah/experiments/cifar10/trained_models/sweep_lr/kakao_resnet8/lr=0.6/checkpoints/epoch=29-step=630.ckpt' as top 1
[2024-02-15 22:11:38,952][pytorch_lightning.utilities.rank_zero][INFO] - Epoch 30, global step 651: 'val_error' reached 0.13599 (best 0.13599), saving model to '/local/gerum/hannah/experiments/cifar10/trained_models/sweep_lr/kakao_resnet8/lr=0.6/checkpoints/epoch=30-step=651.ckpt' as top 1
[2024-02-15 22:11:50,167][pytorch_lightning.utilities.rank_zero][INFO] - Epoch 31, global step 672: 'val_error' was not in top 1
[2024-02-15 22:12:01,871][pytorch_lightning.utilities.rank_zero][INFO] - Epoch 32, global step 693: 'val_error' reached 0.12231 (best 0.12231), saving model to '/local/gerum/hannah/experiments/cifar10/trained_models/sweep_lr/kakao_resnet8/lr=0.6/checkpoints/epoch=32-step=693.ckpt' as top 1
[2024-02-15 22:12:12,912][pytorch_lightning.utilities.rank_zero][INFO] - Epoch 33, global step 714: 'val_error' was not in top 1
[2024-02-15 22:12:24,093][pytorch_lightning.utilities.rank_zero][INFO] - Epoch 34, global step 735: 'val_error' was not in top 1
[2024-02-15 22:12:35,432][pytorch_lightning.utilities.rank_zero][INFO] - Epoch 35, global step 756: 'val_error' reached 0.11328 (best 0.11328), saving model to '/local/gerum/hannah/experiments/cifar10/trained_models/sweep_lr/kakao_resnet8/lr=0.6/checkpoints/epoch=35-step=756.ckpt' as top 1
[2024-02-15 22:12:46,692][pytorch_lightning.utilities.rank_zero][INFO] - Epoch 36, global step 777: 'val_error' was not in top 1
[2024-02-15 22:12:57,879][pytorch_lightning.utilities.rank_zero][INFO] - Epoch 37, global step 798: 'val_error' reached 0.10107 (best 0.10107), saving model to '/local/gerum/hannah/experiments/cifar10/trained_models/sweep_lr/kakao_resnet8/lr=0.6/checkpoints/epoch=37-step=798.ckpt' as top 1
[2024-02-15 22:13:09,555][pytorch_lightning.utilities.rank_zero][INFO] - Epoch 38, global step 819: 'val_error' was not in top 1
[2024-02-15 22:13:20,516][pytorch_lightning.utilities.rank_zero][INFO] - Epoch 39, global step 840: 'val_error' was not in top 1
[2024-02-15 22:13:31,699][pytorch_lightning.utilities.rank_zero][INFO] - Epoch 40, global step 861: 'val_error' reached 0.09937 (best 0.09937), saving model to '/local/gerum/hannah/experiments/cifar10/trained_models/sweep_lr/kakao_resnet8/lr=0.6/checkpoints/epoch=40-step=861.ckpt' as top 1
[2024-02-15 22:13:43,143][pytorch_lightning.utilities.rank_zero][INFO] - Epoch 41, global step 882: 'val_error' was not in top 1
[2024-02-15 22:13:54,306][pytorch_lightning.utilities.rank_zero][INFO] - Epoch 42, global step 903: 'val_error' was not in top 1
[2024-02-15 22:14:05,517][pytorch_lightning.utilities.rank_zero][INFO] - Epoch 43, global step 924: 'val_error' reached 0.08398 (best 0.08398), saving model to '/local/gerum/hannah/experiments/cifar10/trained_models/sweep_lr/kakao_resnet8/lr=0.6/checkpoints/epoch=43-step=924.ckpt' as top 1
[2024-02-15 22:14:17,108][pytorch_lightning.utilities.rank_zero][INFO] - Epoch 44, global step 945: 'val_error' reached 0.08105 (best 0.08105), saving model to '/local/gerum/hannah/experiments/cifar10/trained_models/sweep_lr/kakao_resnet8/lr=0.6/checkpoints/epoch=44-step=945.ckpt' as top 1
[2024-02-15 22:14:28,374][pytorch_lightning.utilities.rank_zero][INFO] - Epoch 45, global step 966: 'val_error' reached 0.07788 (best 0.07788), saving model to '/local/gerum/hannah/experiments/cifar10/trained_models/sweep_lr/kakao_resnet8/lr=0.6/checkpoints/epoch=45-step=966.ckpt' as top 1
[2024-02-15 22:14:39,708][pytorch_lightning.utilities.rank_zero][INFO] - Epoch 46, global step 987: 'val_error' was not in top 1
[2024-02-15 22:14:50,428][pytorch_lightning.utilities.rank_zero][INFO] - Epoch 47, global step 1008: 'val_error' reached 0.07715 (best 0.07715), saving model to '/local/gerum/hannah/experiments/cifar10/trained_models/sweep_lr/kakao_resnet8/lr=0.6/checkpoints/epoch=47-step=1008.ckpt' as top 1
[2024-02-15 22:15:01,253][pytorch_lightning.utilities.rank_zero][INFO] - Epoch 48, global step 1029: 'val_error' reached 0.07593 (best 0.07593), saving model to '/local/gerum/hannah/experiments/cifar10/trained_models/sweep_lr/kakao_resnet8/lr=0.6/checkpoints/epoch=48-step=1029.ckpt' as top 1
[2024-02-15 22:15:12,426][pytorch_lightning.utilities.rank_zero][INFO] - Epoch 49, global step 1050: 'val_error' reached 0.07495 (best 0.07495), saving model to '/local/gerum/hannah/experiments/cifar10/trained_models/sweep_lr/kakao_resnet8/lr=0.6/checkpoints/epoch=49-step=1050.ckpt' as top 1
[2024-02-15 22:15:12,460][pytorch_lightning.utilities.rank_zero][INFO] - `Trainer.fit` stopped: `max_epochs=50` reached.
[2024-02-15 22:15:12,495][lightning.fabric.utilities.seed][INFO] - Seed set to 1234
[2024-02-15 22:15:12,496][py.warnings][WARNING] - /local/gerum/.cache/pypoetry/virtualenvs/hannah-8Yp6PnCx-py3.11/lib/python3.11/site-packages/pytorch_lightning/trainer/connectors/checkpoint_connector.py:145: `.validate(ckpt_path=None)` was called without a model. The best model of the previous `fit` call will be used. You can pass `.validate(ckpt_path='best')` to use the best model or `.validate(ckpt_path='last')` to use the last model. If you pass a value, this warning will be silenced.

[2024-02-15 22:15:12,497][pytorch_lightning.utilities.rank_zero][INFO] - Restoring states from the checkpoint path at /local/gerum/hannah/experiments/cifar10/trained_models/sweep_lr/kakao_resnet8/lr=0.6/checkpoints/epoch=49-step=1050.ckpt
[2024-02-15 22:15:12,518][pytorch_lightning.accelerators.cuda][INFO] - LOCAL_RANK: 0 - CUDA_VISIBLE_DEVICES: [0,1]
[2024-02-15 22:15:12,696][pytorch_lightning.utilities.rank_zero][INFO] - Loaded model weights from the checkpoint at /local/gerum/hannah/experiments/cifar10/trained_models/sweep_lr/kakao_resnet8/lr=0.6/checkpoints/epoch=49-step=1050.ckpt
[2024-02-15 22:15:12,922][lightning.fabric.utilities.seed][INFO] - Seed set to 1234
[2024-02-15 22:15:12,922][py.warnings][WARNING] - /local/gerum/.cache/pypoetry/virtualenvs/hannah-8Yp6PnCx-py3.11/lib/python3.11/site-packages/pytorch_lightning/trainer/connectors/checkpoint_connector.py:145: `.test(ckpt_path=None)` was called without a model. The best model of the previous `fit` call will be used. You can pass `.test(ckpt_path='best')` to use the best model or `.test(ckpt_path='last')` to use the last model. If you pass a value, this warning will be silenced.

[2024-02-15 22:15:12,924][pytorch_lightning.utilities.rank_zero][INFO] - Restoring states from the checkpoint path at /local/gerum/hannah/experiments/cifar10/trained_models/sweep_lr/kakao_resnet8/lr=0.6/checkpoints/epoch=49-step=1050.ckpt
[2024-02-15 22:15:12,941][pytorch_lightning.accelerators.cuda][INFO] - LOCAL_RANK: 0 - CUDA_VISIBLE_DEVICES: [0,1]
[2024-02-15 22:15:13,116][pytorch_lightning.utilities.rank_zero][INFO] - Loaded model weights from the checkpoint at /local/gerum/hannah/experiments/cifar10/trained_models/sweep_lr/kakao_resnet8/lr=0.6/checkpoints/epoch=49-step=1050.ckpt
[2024-02-15 22:15:13,117][py.warnings][WARNING] - /local/gerum/.cache/pypoetry/virtualenvs/hannah-8Yp6PnCx-py3.11/lib/python3.11/site-packages/pytorch_lightning/trainer/connectors/data_connector.py:441: The 'test_dataloader' does not have many workers which may be a bottleneck. Consider increasing the value of the `num_workers` argument` to `num_workers=191` in the `DataLoader` to improve performance.

[2024-02-15 22:15:13,487][hannah.callbacks.summaries][INFO] - 
+----+--------------+-------------------+--------------------------------------------------+------------------+--------------+------------------+--------------+------------------+----------+
|    | Name         | Type              | Attrs                                            | IFM              |   IFM volume | OFM              |   OFM volume |   Weights volume |     MACs |
|----+--------------+-------------------+--------------------------------------------------+------------------+--------------+------------------+--------------+------------------+----------|
|  0 | 0.0          | Conv2d            | k=(3, 3), s=(1, 1), g=(1), dsc=(False), d=(1, 1) | (1, 3, 32, 32)   |         3072 | (1, 64, 32, 32)  |        65536 |             1728 |  1769472 |
|  1 | 0.1          | BatchNorm2d       |                                                  | (1, 64, 32, 32)  |        65536 | (1, 64, 32, 32)  |        65536 |                0 |        0 |
|  2 | 0.2          | ReLU              |                                                  | (1, 64, 32, 32)  |        65536 | (1, 64, 32, 32)  |        65536 |                0 |        0 |
|  3 | 0            | Sequential        |                                                  | (1, 3, 32, 32)   |         3072 | (1, 64, 32, 32)  |        65536 |                0 |        0 |
|  4 | 1.0          | Conv2d            | k=(5, 5), s=(2, 2), g=(1), dsc=(False), d=(1, 1) | (1, 64, 32, 32)  |        65536 | (1, 128, 16, 16) |        32768 |           204800 | 52428800 |
|  5 | 1.1          | BatchNorm2d       |                                                  | (1, 128, 16, 16) |        32768 | (1, 128, 16, 16) |        32768 |                0 |        0 |
|  6 | 1.2          | ReLU              |                                                  | (1, 128, 16, 16) |        32768 | (1, 128, 16, 16) |        32768 |                0 |        0 |
|  7 | 1            | Sequential        |                                                  | (1, 64, 32, 32)  |        65536 | (1, 128, 16, 16) |        32768 |                0 |        0 |
|  8 | 2.module.0.0 | Conv2d            | k=(3, 3), s=(1, 1), g=(1), dsc=(False), d=(1, 1) | (1, 128, 16, 16) |        32768 | (1, 128, 16, 16) |        32768 |           147456 | 37748736 |
|  9 | 2.module.0.1 | BatchNorm2d       |                                                  | (1, 128, 16, 16) |        32768 | (1, 128, 16, 16) |        32768 |                0 |        0 |
| 10 | 2.module.0.2 | ReLU              |                                                  | (1, 128, 16, 16) |        32768 | (1, 128, 16, 16) |        32768 |                0 |        0 |
| 11 | 2.module.0   | Sequential        |                                                  | (1, 128, 16, 16) |        32768 | (1, 128, 16, 16) |        32768 |                0 |        0 |
| 12 | 2.module.1.0 | Conv2d            | k=(3, 3), s=(1, 1), g=(1), dsc=(False), d=(1, 1) | (1, 128, 16, 16) |        32768 | (1, 128, 16, 16) |        32768 |           147456 | 37748736 |
| 13 | 2.module.1.1 | BatchNorm2d       |                                                  | (1, 128, 16, 16) |        32768 | (1, 128, 16, 16) |        32768 |                0 |        0 |
| 14 | 2.module.1.2 | ReLU              |                                                  | (1, 128, 16, 16) |        32768 | (1, 128, 16, 16) |        32768 |                0 |        0 |
| 15 | 2.module.1   | Sequential        |                                                  | (1, 128, 16, 16) |        32768 | (1, 128, 16, 16) |        32768 |                0 |        0 |
| 16 | 2.module     | Sequential        |                                                  | (1, 128, 16, 16) |        32768 | (1, 128, 16, 16) |        32768 |                0 |        0 |
| 17 | 2            | Residual          |                                                  | (1, 128, 16, 16) |        32768 | (1, 128, 16, 16) |        32768 |                0 |        0 |
| 18 | 3.0          | Conv2d            | k=(3, 3), s=(1, 1), g=(1), dsc=(False), d=(1, 1) | (1, 128, 16, 16) |        32768 | (1, 256, 16, 16) |        65536 |           294912 | 75497472 |
| 19 | 3.1          | BatchNorm2d       |                                                  | (1, 256, 16, 16) |        65536 | (1, 256, 16, 16) |        65536 |                0 |        0 |
| 20 | 3.2          | ReLU              |                                                  | (1, 256, 16, 16) |        65536 | (1, 256, 16, 16) |        65536 |                0 |        0 |
| 21 | 3            | Sequential        |                                                  | (1, 128, 16, 16) |        32768 | (1, 256, 16, 16) |        65536 |                0 |        0 |
| 22 | 4            | MaxPool2d         |                                                  | (1, 256, 16, 16) |        65536 | (1, 256, 8, 8)   |        16384 |                0 |        0 |
| 23 | 5.module.0.0 | Conv2d            | k=(3, 3), s=(1, 1), g=(1), dsc=(False), d=(1, 1) | (1, 256, 8, 8)   |        16384 | (1, 256, 8, 8)   |        16384 |           589824 | 37748736 |
| 24 | 5.module.0.1 | BatchNorm2d       |                                                  | (1, 256, 8, 8)   |        16384 | (1, 256, 8, 8)   |        16384 |                0 |        0 |
| 25 | 5.module.0.2 | ReLU              |                                                  | (1, 256, 8, 8)   |        16384 | (1, 256, 8, 8)   |        16384 |                0 |        0 |
| 26 | 5.module.0   | Sequential        |                                                  | (1, 256, 8, 8)   |        16384 | (1, 256, 8, 8)   |        16384 |                0 |        0 |
| 27 | 5.module.1.0 | Conv2d            | k=(3, 3), s=(1, 1), g=(1), dsc=(False), d=(1, 1) | (1, 256, 8, 8)   |        16384 | (1, 256, 8, 8)   |        16384 |           589824 | 37748736 |
| 28 | 5.module.1.1 | BatchNorm2d       |                                                  | (1, 256, 8, 8)   |        16384 | (1, 256, 8, 8)   |        16384 |                0 |        0 |
| 29 | 5.module.1.2 | ReLU              |                                                  | (1, 256, 8, 8)   |        16384 | (1, 256, 8, 8)   |        16384 |                0 |        0 |
| 30 | 5.module.1   | Sequential        |                                                  | (1, 256, 8, 8)   |        16384 | (1, 256, 8, 8)   |        16384 |                0 |        0 |
| 31 | 5.module     | Sequential        |                                                  | (1, 256, 8, 8)   |        16384 | (1, 256, 8, 8)   |        16384 |                0 |        0 |
| 32 | 5            | Residual          |                                                  | (1, 256, 8, 8)   |        16384 | (1, 256, 8, 8)   |        16384 |                0 |        0 |
| 33 | 6.0          | Conv2d            | k=(3, 3), s=(1, 1), g=(1), dsc=(False), d=(1, 1) | (1, 256, 8, 8)   |        16384 | (1, 128, 6, 6)   |         4608 |           294912 | 10616832 |
| 34 | 6.1          | BatchNorm2d       |                                                  | (1, 128, 6, 6)   |         4608 | (1, 128, 6, 6)   |         4608 |                0 |        0 |
| 35 | 6.2          | ReLU              |                                                  | (1, 128, 6, 6)   |         4608 | (1, 128, 6, 6)   |         4608 |                0 |        0 |
| 36 | 6            | Sequential        |                                                  | (1, 256, 8, 8)   |        16384 | (1, 128, 6, 6)   |         4608 |                0 |        0 |
| 37 | 7            | AdaptiveMaxPool2d |                                                  | (1, 128, 6, 6)   |         4608 | (1, 128, 1, 1)   |          128 |                0 |        0 |
| 38 | 8            | Flatten           |                                                  | (1, 128, 1, 1)   |          128 | (1, 128)         |          128 |                0 |        0 |
| 39 | 9            | Linear            |                                                  | (1, 128)         |          128 | (1, 10)          |           10 |             1280 |     1280 |
| 40 | 10           | Mul               |                                                  | (1, 10)          |           10 | (1, 10)          |           10 |                0 |        0 |
+----+--------------+-------------------+--------------------------------------------------+------------------+--------------+------------------+--------------+------------------+----------+
[2024-02-15 22:15:13,488][hannah.callbacks.summaries][INFO] - Total MACs: 291,308,800
[2024-02-15 22:15:13,488][hannah.callbacks.summaries][INFO] - Total Weights: 2,272,192
[2024-02-15 22:15:13,488][hannah.callbacks.summaries][INFO] - Total Activations: 1,185,044
[2024-02-15 22:15:13,488][hannah.callbacks.summaries][INFO] - Estimated Activations: 131,072
[2024-02-15 22:15:13,488][hannah.datasets.base][WARNING] - Datasets class names contain classes that are longer than the recommended lenght of 5 characters, consider implementing class_names_abbreviated in your dataset
[2024-02-15 22:15:13,489][hannah.datasets.base][WARNING] - Datasets class names contain classes that are longer than the recommended lenght of 5 characters, consider implementing class_names_abbreviated in your dataset
[2024-02-15 22:15:13,723][py.warnings][WARNING] - /local/gerum/.cache/pypoetry/virtualenvs/hannah-8Yp6PnCx-py3.11/lib/python3.11/site-packages/torchmetrics/utilities/prints.py:43: UserWarning: The ``compute`` method of metric MulticlassROC was called before the ``update`` method which may lead to errors, as metric states have not yet been updated.
  warnings.warn(*args, **kwargs)  # noqa: B028

[2024-02-15 22:15:13,724][hannah.datasets.base][WARNING] - Datasets class names contain classes that are longer than the recommended lenght of 5 characters, consider implementing class_names_abbreviated in your dataset
[2024-02-15 22:15:13,817][py.warnings][WARNING] - /local/gerum/.cache/pypoetry/virtualenvs/hannah-8Yp6PnCx-py3.11/lib/python3.11/site-packages/torchmetrics/utilities/prints.py:43: UserWarning: The ``compute`` method of metric MulticlassPrecisionRecallCurve was called before the ``update`` method which may lead to errors, as metric states have not yet been updated.
  warnings.warn(*args, **kwargs)  # noqa: B028

[2024-02-15 22:15:13,818][hannah.datasets.base][WARNING] - Datasets class names contain classes that are longer than the recommended lenght of 5 characters, consider implementing class_names_abbreviated in your dataset
[2024-02-15 22:15:13,938][hannah.train][INFO] - Averaged Result Metrics:
| Metric               |     Mean |   Std |   Count |
|----------------------|----------|-------|---------|
| test_classifier_loss | 0.216482 |     0 |       1 |
| test_accuracy        | 0.927002 |     0 |       1 |
| test_error           | 0.072998 |     0 |       1 |
| test_f1              | 0.927227 |     0 |       1 |
| test_precision       | 0.92732  |     0 |       1 |
| test_recall          | 0.927168 |     0 |       1 |
| test_loss            | 0.216482 |     0 |       1 |
[2024-02-15 22:15:13,949][hannah.train][INFO] - Averaged Result Metrics:
| Metric              |      Mean |   Std |   Count |
|---------------------|-----------|-------|---------|
| val_classifier_loss | 0.225726  |     0 |       1 |
| val_accuracy        | 0.925049  |     0 |       1 |
| val_error           | 0.0749512 |     0 |       1 |
| val_f1              | 0.924626  |     0 |       1 |
| val_precision       | 0.924823  |     0 |       1 |
| val_recall          | 0.924638  |     0 |       1 |
| val_loss            | 0.225726  |     0 |       1 |
